INFO    2004-02-08 10:49:41.203 [Phoenix ] (): Logger started
WARN    2004-02-08 10:49:41.296 [Phoenix ] (): Phoenix was not started by the daemon thus it will not be possible to restart the JVM via the Management interface.
INFO    2004-02-08 10:49:41.562 [Phoenix.] (): Installing Sar located at file:/C:/Program Files/Apache Software Foundation/Tomcat 5.0/webapps/WebForm/requiredsoftwares/james-2.1.3/apps/james.sar.
WARN    2004-02-08 10:49:41.859 [Phoenix.] (): The file SAR-INF/lib/mm.mysql.LICENCE can not be extracted from the Sar "file:/C:/Program Files/Apache Software Foundation/Tomcat 5.0/webapps/WebForm/requiredsoftwares/james-2.1.3/apps/james.sar" into directory C:\Program Files\Apache Software Foundation\Tomcat 5.0\webapps\WebForm\requiredsoftwares\james-2.1.3\apps\james\SAR-INF\lib\mm.mysql.LICENCE because there is a file in the way.
WARN    2004-02-08 10:49:41.875 [Phoenix.] (): The file conf/sqlResources.xml can not be extracted from the Sar "file:/C:/Program Files/Apache Software Foundation/Tomcat 5.0/webapps/WebForm/requiredsoftwares/james-2.1.3/apps/james.sar" into directory C:\Program Files\Apache Software Foundation\Tomcat 5.0\webapps\WebForm\requiredsoftwares\james-2.1.3\apps\james\conf\sqlResources.xml because there is a file in the way.
WARN    2004-02-08 10:49:41.875 [Phoenix.] (): The file SAR-INF/config.xml can not be extracted from the Sar "file:/C:/Program Files/Apache Software Foundation/Tomcat 5.0/webapps/WebForm/requiredsoftwares/james-2.1.3/apps/james.sar" into directory C:\Program Files\Apache Software Foundation\Tomcat 5.0\webapps\WebForm\requiredsoftwares\james-2.1.3\apps\james\SAR-INF\config.xml because there is a file in the way.
WARN    2004-02-08 10:49:41.875 [Phoenix.] (): The file SAR-INF/assembly.xml can not be extracted from the Sar "file:/C:/Program Files/Apache Software Foundation/Tomcat 5.0/webapps/WebForm/requiredsoftwares/james-2.1.3/apps/james.sar" into directory C:\Program Files\Apache Software Foundation\Tomcat 5.0\webapps\WebForm\requiredsoftwares\james-2.1.3\apps\james\SAR-INF\assembly.xml because there is a file in the way.
WARN    2004-02-08 10:49:41.890 [Phoenix.] (): The file SAR-INF/environment.xml can not be extracted from the Sar "file:/C:/Program Files/Apache Software Foundation/Tomcat 5.0/webapps/WebForm/requiredsoftwares/james-2.1.3/apps/james.sar" into directory C:\Program Files\Apache Software Foundation\Tomcat 5.0\webapps\WebForm\requiredsoftwares\james-2.1.3\apps\james\SAR-INF\environment.xml because there is a file in the way.
INFO    2004-02-08 10:49:42.125 [Phoenix.] (): No policy specified in server.xml, giving full permissions to ServerApplication.
INFO    2004-02-08 10:49:42.750 [Phoenix.] (): Verifying that the name specified for Blocks and BlockListeners are valid.
INFO    2004-02-08 10:49:42.750 [Phoenix.] (): Verifying that the name specified for Blocks and BlockListeners are unique.
INFO    2004-02-08 10:49:42.750 [Phoenix.] (): Verifying that the specified Dependencies are valid according to BlockInfo.
INFO    2004-02-08 10:49:42.750 [Phoenix.] (): Verifying that the dependencies of Blocks are valid with respect to other Blocks.
INFO    2004-02-08 10:49:42.750 [Phoenix.] (): Verifying that there are no circular dependencies between Blocks.
INFO    2004-02-08 10:49:42.750 [Phoenix.] (): Verifying that the specified Blocks have valid types.
INFO    2004-02-08 10:49:42.828 [Phoenix.] (): Verifying that the specified BlockListeners have valid types.
INFO    2004-02-08 10:49:43.093 [Phoenix.] (): 17 Blocks to process for phase "startup". Order of processing = [dnsserver, objectstorage, database-connections, mailstore, users-store, thread-manager, connections, sockets, scheduler, James, spoolmanager, remotemanager, pop3server, smtpserver, nntp-repository, nntpserver, fetchpop].
INFO    2004-02-08 11:33:34.515 [Phoenix.] (): 17 Blocks to process for phase "shutdown". Order of processing = [spoolmanager, remotemanager, pop3server, smtpserver, fetchpop, James, dnsserver, nntpserver, nntp-repository, mailstore, users-store, objectstorage, connections, sockets, scheduler, database-connections, thread-manager].
WARN    2004-02-08 11:33:34.937 [Phoenix.] (): Error deleting Work Directory "C:\Program Files\Apache Software Foundation\Tomcat 5.0\webapps\WebForm\requiredsoftwares\james-2.1.3\work\james-1076217581578". (Reason: File C:\Program Files\Apache Software Foundation\Tomcat 5.0\webapps\WebForm\requiredsoftwares\james-2.1.3\work\james-1076217581578\SAR-INF\lib\mm.mysql-2.0.14.jar unable to be deleted.)
java.io.IOException: File C:\Program Files\Apache Software Foundation\Tomcat 5.0\webapps\WebForm\requiredsoftwares\james-2.1.3\work\james-1076217581578\SAR-INF\lib\mm.mysql-2.0.14.jar unable to be deleted.
	at org.apache.avalon.excalibur.io.FileUtil.forceDelete(FileUtil.java:638)
	at org.apache.avalon.excalibur.io.FileUtil.cleanDirectory(FileUtil.java:806)
	at org.apache.avalon.excalibur.io.FileUtil.deleteDirectory(FileUtil.java:762)
	at org.apache.avalon.excalibur.io.FileUtil.forceDelete(FileUtil.java:630)
	at org.apache.avalon.excalibur.io.FileUtil.cleanDirectory(FileUtil.java:806)
	at org.apache.avalon.excalibur.io.FileUtil.deleteDirectory(FileUtil.java:762)
	at org.apache.avalon.excalibur.io.FileUtil.forceDelete(FileUtil.java:630)
INFO    2004-02-08 11:33:35.031 [Phoenix ] (): Shutting down because there are not any applications running.
