05/02/05 23:13:02 INFO  James.Mailet: RemoteDelivery: No mail server found for: localhost.com
05/02/05 23:13:02 INFO  James.Mailet: RemoteDelivery: Temporary exception delivering mail (Mail1107625322265-0-to-localhost.com: javax.mail.MessagingException: There are no DNS entries for the hostname localhost.com.  I cannot determine where to send this message.
	at org.apache.james.transport.mailets.RemoteDelivery.deliver(RemoteDelivery.java:263)
	at org.apache.james.transport.mailets.RemoteDelivery.run(RemoteDelivery.java:758)
	at java.lang.Thread.run(Thread.java:536)

05/02/05 23:13:02 INFO  James.Mailet: RemoteDelivery: Storing message Mail1107625322265-0-to-localhost.com into outgoing after 0 retries
05/02/05 23:27:10 INFO  James.Mailet: RemoteDelivery: No mail server found for: localhost.com
05/02/05 23:27:10 INFO  James.Mailet: RemoteDelivery: Temporary exception delivering mail (Mail1107626170562-1-to-localhost.com: javax.mail.MessagingException: There are no DNS entries for the hostname localhost.com.  I cannot determine where to send this message.
	at org.apache.james.transport.mailets.RemoteDelivery.deliver(RemoteDelivery.java:263)
	at org.apache.james.transport.mailets.RemoteDelivery.run(RemoteDelivery.java:758)
	at java.lang.Thread.run(Thread.java:536)

05/02/05 23:27:10 INFO  James.Mailet: RemoteDelivery: Storing message Mail1107626170562-1-to-localhost.com into outgoing after 0 retries
05/02/05 23:34:26 INFO  James.Mailet: RemoteDelivery: No mail server found for: localhost.com
05/02/05 23:34:26 INFO  James.Mailet: RemoteDelivery: Temporary exception delivering mail (Mail1107626606890-2-to-localhost.com: javax.mail.MessagingException: There are no DNS entries for the hostname localhost.com.  I cannot determine where to send this message.
	at org.apache.james.transport.mailets.RemoteDelivery.deliver(RemoteDelivery.java:263)
	at org.apache.james.transport.mailets.RemoteDelivery.run(RemoteDelivery.java:758)
	at java.lang.Thread.run(Thread.java:536)

05/02/05 23:34:26 INFO  James.Mailet: RemoteDelivery: Storing message Mail1107626606890-2-to-localhost.com into outgoing after 0 retries
05/02/05 23:41:04 INFO  James.Mailet: RemoteDelivery: No mail server found for: localhost.com
05/02/05 23:41:04 INFO  James.Mailet: RemoteDelivery: Temporary exception delivering mail (Mail1107627004625-3-to-localhost.com: javax.mail.MessagingException: There are no DNS entries for the hostname localhost.com.  I cannot determine where to send this message.
	at org.apache.james.transport.mailets.RemoteDelivery.deliver(RemoteDelivery.java:263)
	at org.apache.james.transport.mailets.RemoteDelivery.run(RemoteDelivery.java:758)
	at java.lang.Thread.run(Thread.java:536)

05/02/05 23:41:04 INFO  James.Mailet: RemoteDelivery: Storing message Mail1107627004625-3-to-localhost.com into outgoing after 0 retries
