04/03/04 20:50:59 INFO  James.Mailet: RemoteDelivery: Attempting delivery of Mail1078413544015-5-to-inetsolv to host inetsolv to addresses [solv2@inetsolv]
04/03/04 20:51:00 INFO  James.Mailet: RemoteDelivery: Mail (Mail1078413544015-5-to-inetsolv) sent successfully to inetsolv
04/03/04 20:52:00 INFO  James.Mailet: RemoteDelivery: Attempting delivery of Mail1078413483984-4-to-inetsolv to host inetsolv to addresses [solv2@inetsolv]
04/03/04 20:52:00 INFO  James.Mailet: RemoteDelivery: Mail (Mail1078413483984-4-to-inetsolv) sent successfully to inetsolv
04/03/04 20:53:00 INFO  James.Mailet: RemoteDelivery: Attempting delivery of Mail1078413659984-0-to-inetsolv to host inetsolv to addresses [solv2@inetsolv]
04/03/04 20:53:00 INFO  James.Mailet: RemoteDelivery: Mail (Mail1078413659984-0-to-inetsolv) sent successfully to inetsolv
04/03/04 20:54:00 INFO  James.Mailet: RemoteDelivery: Attempting delivery of Mail1078413720046-1-to-inetsolv to host inetsolv to addresses [solv2@inetsolv]
04/03/04 20:54:00 INFO  James.Mailet: RemoteDelivery: Mail (Mail1078413720046-1-to-inetsolv) sent successfully to inetsolv
04/03/04 20:55:00 INFO  James.Mailet: RemoteDelivery: Attempting delivery of Mail1078413780171-2-to-inetsolv to host inetsolv to addresses [solv2@inetsolv]
04/03/04 20:55:00 INFO  James.Mailet: RemoteDelivery: Mail (Mail1078413780171-2-to-inetsolv) sent successfully to inetsolv
04/03/04 20:56:00 INFO  James.Mailet: RemoteDelivery: Attempting delivery of Mail1078413840296-3-to-inetsolv to host inetsolv to addresses [solv2@inetsolv]
04/03/04 20:56:00 INFO  James.Mailet: RemoteDelivery: Mail (Mail1078413840296-3-to-inetsolv) sent successfully to inetsolv
04/03/04 20:57:00 INFO  James.Mailet: RemoteDelivery: Attempting delivery of Mail1078413960531-5-to-inetsolv to host inetsolv to addresses [solv2@inetsolv]
04/03/04 20:57:00 INFO  James.Mailet: RemoteDelivery: Mail (Mail1078413960531-5-to-inetsolv) sent successfully to inetsolv
04/03/04 20:58:00 INFO  James.Mailet: RemoteDelivery: Attempting delivery of Mail1078414020640-6-to-inetsolv to host inetsolv to addresses [solv2@inetsolv]
04/03/04 20:58:00 INFO  James.Mailet: RemoteDelivery: Mail (Mail1078414020640-6-to-inetsolv) sent successfully to inetsolv
04/03/04 20:59:00 INFO  James.Mailet: RemoteDelivery: Attempting delivery of Mail1078414080765-7-to-inetsolv to host inetsolv to addresses [solv2@inetsolv]
04/03/04 20:59:00 INFO  James.Mailet: RemoteDelivery: Mail (Mail1078414080765-7-to-inetsolv) sent successfully to inetsolv
04/03/04 21:00:01 INFO  James.Mailet: RemoteDelivery: Attempting delivery of Mail1078414140875-8-to-inetsolv to host inetsolv to addresses [solv2@inetsolv]
04/03/04 21:00:01 INFO  James.Mailet: RemoteDelivery: Mail (Mail1078414140875-8-to-inetsolv) sent successfully to inetsolv
04/03/04 21:01:01 INFO  James.Mailet: RemoteDelivery: Attempting delivery of Mail1078413900406-4-to-inetsolv to host inetsolv to addresses [solv2@inetsolv]
04/03/04 21:01:01 INFO  James.Mailet: RemoteDelivery: Mail (Mail1078413900406-4-to-inetsolv) sent successfully to inetsolv
04/03/04 21:02:01 INFO  James.Mailet: RemoteDelivery: Attempting delivery of Mail1078414261078-11-to-inetsolv to host inetsolv to addresses [solv2@inetsolv]
04/03/04 21:02:01 INFO  James.Mailet: RemoteDelivery: Mail (Mail1078414261078-11-to-inetsolv) sent successfully to inetsolv
04/03/04 21:03:01 INFO  James.Mailet: RemoteDelivery: Attempting delivery of Mail1078414169687-9-to-inetsolv to host inetsolv to addresses [solv2@inetsolv]
04/03/04 21:03:01 INFO  James.Mailet: RemoteDelivery: Mail (Mail1078414169687-9-to-inetsolv) sent successfully to inetsolv
04/03/04 21:04:01 INFO  James.Mailet: RemoteDelivery: Attempting delivery of Mail1078414201031-10-to-inetsolv to host inetsolv to addresses [solv2@inetsolv]
04/03/04 21:04:02 INFO  James.Mailet: RemoteDelivery: Mail (Mail1078414201031-10-to-inetsolv) sent successfully to inetsolv
04/03/04 21:05:02 INFO  James.Mailet: RemoteDelivery: Attempting delivery of Mail1078414321125-12-to-inetsolv to host inetsolv to addresses [solv2@inetsolv]
04/03/04 21:05:02 INFO  James.Mailet: RemoteDelivery: Mail (Mail1078414321125-12-to-inetsolv) sent successfully to inetsolv
04/03/04 21:06:02 INFO  James.Mailet: RemoteDelivery: Attempting delivery of Mail1078414441375-14-to-inetsolv to host inetsolv to addresses [solv2@inetsolv]
04/03/04 21:06:02 INFO  James.Mailet: RemoteDelivery: Mail (Mail1078414441375-14-to-inetsolv) sent successfully to inetsolv
04/03/04 21:07:02 INFO  James.Mailet: RemoteDelivery: Attempting delivery of Mail1078414502140-15-to-inetsolv to host inetsolv to addresses [solv2@inetsolv]
04/03/04 21:07:02 INFO  James.Mailet: RemoteDelivery: Mail (Mail1078414502140-15-to-inetsolv) sent successfully to inetsolv
04/03/04 21:08:02 INFO  James.Mailet: RemoteDelivery: Attempting delivery of Mail1078414562265-17-to-inetsolv to host inetsolv to addresses [solv2@inetsolv]
04/03/04 21:08:02 INFO  James.Mailet: RemoteDelivery: Mail (Mail1078414562265-17-to-inetsolv) sent successfully to inetsolv
04/03/04 21:09:02 INFO  James.Mailet: RemoteDelivery: Attempting delivery of Mail1078414535484-16-to-inetsolv to host inetsolv to addresses [solv2@inetsolv]
04/03/04 21:09:02 INFO  James.Mailet: RemoteDelivery: Mail (Mail1078414535484-16-to-inetsolv) sent successfully to inetsolv
04/03/04 21:10:02 INFO  James.Mailet: RemoteDelivery: Attempting delivery of Mail1078414682406-19-to-inetsolv to host inetsolv to addresses [solv2@inetsolv]
04/03/04 21:10:02 INFO  James.Mailet: RemoteDelivery: Mail (Mail1078414682406-19-to-inetsolv) sent successfully to inetsolv
04/03/04 21:11:02 INFO  James.Mailet: RemoteDelivery: Attempting delivery of Mail1078414742421-20-to-inetsolv to host inetsolv to addresses [solv2@inetsolv]
04/03/04 21:11:02 INFO  James.Mailet: RemoteDelivery: Mail (Mail1078414742421-20-to-inetsolv) sent successfully to inetsolv
04/03/04 21:12:02 INFO  James.Mailet: RemoteDelivery: Attempting delivery of Mail1078414622281-18-to-inetsolv to host inetsolv to addresses [solv2@inetsolv]
04/03/04 21:12:02 INFO  James.Mailet: RemoteDelivery: Mail (Mail1078414622281-18-to-inetsolv) sent successfully to inetsolv
04/03/04 21:13:02 INFO  James.Mailet: RemoteDelivery: Attempting delivery of Mail1078414862687-22-to-inetsolv to host inetsolv to addresses [solv2@inetsolv]
04/03/04 21:13:03 INFO  James.Mailet: RemoteDelivery: Mail (Mail1078414862687-22-to-inetsolv) sent successfully to inetsolv
04/03/04 21:14:03 INFO  James.Mailet: RemoteDelivery: Attempting delivery of Mail1078414922828-23-to-inetsolv to host inetsolv to addresses [solv2@inetsolv]
04/03/04 21:14:03 INFO  James.Mailet: RemoteDelivery: Mail (Mail1078414922828-23-to-inetsolv) sent successfully to inetsolv
04/03/04 21:15:03 INFO  James.Mailet: RemoteDelivery: Attempting delivery of Mail1078414982937-24-to-inetsolv to host inetsolv to addresses [solv2@inetsolv]
04/03/04 21:15:03 INFO  James.Mailet: RemoteDelivery: Mail (Mail1078414982937-24-to-inetsolv) sent successfully to inetsolv
04/03/04 21:16:03 INFO  James.Mailet: RemoteDelivery: Attempting delivery of Mail1078415043078-25-to-inetsolv to host inetsolv to addresses [solv2@inetsolv]
04/03/04 21:16:03 INFO  James.Mailet: RemoteDelivery: Mail (Mail1078415043078-25-to-inetsolv) sent successfully to inetsolv
04/03/04 21:17:03 INFO  James.Mailet: RemoteDelivery: Attempting delivery of Mail1078415103203-26-to-inetsolv to host inetsolv to addresses [solv2@inetsolv]
04/03/04 21:17:03 INFO  James.Mailet: RemoteDelivery: Mail (Mail1078415103203-26-to-inetsolv) sent successfully to inetsolv
04/03/04 21:18:03 INFO  James.Mailet: RemoteDelivery: Attempting delivery of Mail1078415223437-28-to-inetsolv to host inetsolv to addresses [solv2@inetsolv]
04/03/04 21:18:03 INFO  James.Mailet: RemoteDelivery: Mail (Mail1078415223437-28-to-inetsolv) sent successfully to inetsolv
04/03/04 21:19:03 INFO  James.Mailet: RemoteDelivery: Attempting delivery of Mail1078415163312-27-to-inetsolv to host inetsolv to addresses [solv2@inetsolv]
04/03/04 21:19:03 INFO  James.Mailet: RemoteDelivery: Mail (Mail1078415163312-27-to-inetsolv) sent successfully to inetsolv
04/03/04 21:20:03 INFO  James.Mailet: RemoteDelivery: Attempting delivery of Mail1078415283578-29-to-inetsolv to host inetsolv to addresses [solv2@inetsolv]
04/03/04 21:20:03 INFO  James.Mailet: RemoteDelivery: Mail (Mail1078415283578-29-to-inetsolv) sent successfully to inetsolv
04/03/04 21:21:03 INFO  James.Mailet: RemoteDelivery: Attempting delivery of Mail1078415343687-30-to-inetsolv to host inetsolv to addresses [solv2@inetsolv]
04/03/04 21:21:03 INFO  James.Mailet: RemoteDelivery: Mail (Mail1078415343687-30-to-inetsolv) sent successfully to inetsolv
04/03/04 21:22:03 INFO  James.Mailet: RemoteDelivery: Attempting delivery of Mail1078415403859-31-to-inetsolv to host inetsolv to addresses [solv2@inetsolv]
04/03/04 21:22:04 INFO  James.Mailet: RemoteDelivery: Mail (Mail1078415403859-31-to-inetsolv) sent successfully to inetsolv
04/03/04 21:23:04 INFO  James.Mailet: RemoteDelivery: Attempting delivery of Mail1078415463875-32-to-inetsolv to host inetsolv to addresses [solv2@inetsolv]
04/03/04 21:23:04 INFO  James.Mailet: RemoteDelivery: Mail (Mail1078415463875-32-to-inetsolv) sent successfully to inetsolv
04/03/04 21:24:04 INFO  James.Mailet: RemoteDelivery: Attempting delivery of Mail1078415584125-34-to-inetsolv to host inetsolv to addresses [solv2@inetsolv]
04/03/04 21:24:04 INFO  James.Mailet: RemoteDelivery: Mail (Mail1078415584125-34-to-inetsolv) sent successfully to inetsolv
04/03/04 21:25:04 INFO  James.Mailet: RemoteDelivery: Attempting delivery of Mail1078415523984-33-to-inetsolv to host inetsolv to addresses [solv2@inetsolv]
04/03/04 21:25:04 INFO  James.Mailet: RemoteDelivery: Mail (Mail1078415523984-33-to-inetsolv) sent successfully to inetsolv
04/03/04 21:26:04 INFO  James.Mailet: RemoteDelivery: Attempting delivery of Mail1078415644234-35-to-inetsolv to host inetsolv to addresses [solv2@inetsolv]
04/03/04 21:26:04 INFO  James.Mailet: RemoteDelivery: Mail (Mail1078415644234-35-to-inetsolv) sent successfully to inetsolv
04/03/04 21:27:04 INFO  James.Mailet: RemoteDelivery: Attempting delivery of Mail1078415704375-36-to-inetsolv to host inetsolv to addresses [solv2@inetsolv]
04/03/04 21:27:04 INFO  James.Mailet: RemoteDelivery: Mail (Mail1078415704375-36-to-inetsolv) sent successfully to inetsolv
04/03/04 21:28:04 INFO  James.Mailet: RemoteDelivery: Attempting delivery of Mail1078415824625-38-to-inetsolv to host inetsolv to addresses [solv2@inetsolv]
04/03/04 21:28:04 INFO  James.Mailet: RemoteDelivery: Mail (Mail1078415824625-38-to-inetsolv) sent successfully to inetsolv
04/03/04 21:29:04 INFO  James.Mailet: RemoteDelivery: Attempting delivery of Mail1078414381234-13-to-inetsolv to host inetsolv to addresses [solv2@inetsolv]
04/03/04 21:29:04 INFO  James.Mailet: RemoteDelivery: Mail (Mail1078414381234-13-to-inetsolv) sent successfully to inetsolv
04/03/04 21:30:05 INFO  James.Mailet: RemoteDelivery: Attempting delivery of Mail1078415884765-39-to-inetsolv to host inetsolv to addresses [solv2@inetsolv]
04/03/04 21:30:05 INFO  James.Mailet: RemoteDelivery: Mail (Mail1078415884765-39-to-inetsolv) sent successfully to inetsolv
04/03/04 21:31:05 INFO  James.Mailet: RemoteDelivery: Attempting delivery of Mail1078415944875-40-to-inetsolv to host inetsolv to addresses [solv2@inetsolv]
04/03/04 21:31:05 INFO  James.Mailet: RemoteDelivery: Mail (Mail1078415944875-40-to-inetsolv) sent successfully to inetsolv
04/03/04 21:32:05 INFO  James.Mailet: RemoteDelivery: Attempting delivery of Mail1078416005015-41-to-inetsolv to host inetsolv to addresses [solv2@inetsolv]
04/03/04 21:32:05 INFO  James.Mailet: RemoteDelivery: Mail (Mail1078416005015-41-to-inetsolv) sent successfully to inetsolv
04/03/04 21:33:05 INFO  James.Mailet: RemoteDelivery: Attempting delivery of Mail1078416065171-42-to-inetsolv to host inetsolv to addresses [solv2@inetsolv]
04/03/04 21:33:05 INFO  James.Mailet: RemoteDelivery: Mail (Mail1078416065171-42-to-inetsolv) sent successfully to inetsolv
04/03/04 21:34:05 INFO  James.Mailet: RemoteDelivery: Attempting delivery of Mail1078416125218-43-to-inetsolv to host inetsolv to addresses [solv2@inetsolv]
04/03/04 21:34:05 INFO  James.Mailet: RemoteDelivery: Mail (Mail1078416125218-43-to-inetsolv) sent successfully to inetsolv
04/03/04 21:35:05 INFO  James.Mailet: RemoteDelivery: Attempting delivery of Mail1078416185328-44-to-inetsolv to host inetsolv to addresses [solv2@inetsolv]
04/03/04 21:35:05 INFO  James.Mailet: RemoteDelivery: Mail (Mail1078416185328-44-to-inetsolv) sent successfully to inetsolv
04/03/04 21:36:05 INFO  James.Mailet: RemoteDelivery: Attempting delivery of Mail1078416245453-45-to-inetsolv to host inetsolv to addresses [solv2@inetsolv]
04/03/04 21:36:05 INFO  James.Mailet: RemoteDelivery: Mail (Mail1078416245453-45-to-inetsolv) sent successfully to inetsolv
04/03/04 21:37:05 INFO  James.Mailet: RemoteDelivery: Attempting delivery of Mail1078416365703-47-to-inetsolv to host inetsolv to addresses [solv2@inetsolv]
04/03/04 21:37:05 INFO  James.Mailet: RemoteDelivery: Mail (Mail1078416365703-47-to-inetsolv) sent successfully to inetsolv
04/03/04 21:38:05 INFO  James.Mailet: RemoteDelivery: Attempting delivery of Mail1078416425843-48-to-inetsolv to host inetsolv to addresses [solv2@inetsolv]
04/03/04 21:38:05 INFO  James.Mailet: RemoteDelivery: Mail (Mail1078416425843-48-to-inetsolv) sent successfully to inetsolv
04/03/04 21:39:06 INFO  James.Mailet: RemoteDelivery: Attempting delivery of Mail1078416485968-49-to-inetsolv to host inetsolv to addresses [solv2@inetsolv]
04/03/04 21:39:06 INFO  James.Mailet: RemoteDelivery: Mail (Mail1078416485968-49-to-inetsolv) sent successfully to inetsolv
04/03/04 21:40:06 INFO  James.Mailet: RemoteDelivery: Attempting delivery of Mail1078416546000-50-to-inetsolv to host inetsolv to addresses [solv2@inetsolv]
04/03/04 21:40:06 INFO  James.Mailet: RemoteDelivery: Mail (Mail1078416546000-50-to-inetsolv) sent successfully to inetsolv
04/03/04 21:41:08 INFO  James.Mailet: RemoteDelivery: No mail server found for: inetsolv.com
04/03/04 21:41:08 INFO  James.Mailet: RemoteDelivery: Temporary exception delivering mail (Mail1078394893062-0-to-inetsolv.com: javax.mail.MessagingException: There are no DNS entries for the hostname inetsolv.com.  I cannot determine where to send this message.
	at org.apache.james.transport.mailets.RemoteDelivery.deliver(RemoteDelivery.java:263)
	at org.apache.james.transport.mailets.RemoteDelivery.run(RemoteDelivery.java:758)
	at java.lang.Thread.run(Thread.java:536)

04/03/04 21:41:08 INFO  James.Mailet: RemoteDelivery: Storing message Mail1078394893062-0-to-inetsolv.com into outgoing after 1 retries
04/03/04 21:42:08 INFO  James.Mailet: RemoteDelivery: Attempting delivery of Mail1078416606140-51-to-inetsolv to host inetsolv to addresses [solv2@inetsolv]
04/03/04 21:42:08 INFO  James.Mailet: RemoteDelivery: Mail (Mail1078416606140-51-to-inetsolv) sent successfully to inetsolv
04/03/04 21:43:08 INFO  James.Mailet: RemoteDelivery: Attempting delivery of Mail1078414802562-21-to-inetsolv to host inetsolv to addresses [solv2@inetsolv]
04/03/04 21:43:08 INFO  James.Mailet: RemoteDelivery: Mail (Mail1078414802562-21-to-inetsolv) sent successfully to inetsolv
04/03/04 21:44:08 INFO  James.Mailet: RemoteDelivery: Attempting delivery of Mail1078416728562-52-to-inetsolv to host inetsolv to addresses [solv2@inetsolv]
04/03/04 21:44:08 INFO  James.Mailet: RemoteDelivery: Mail (Mail1078416728562-52-to-inetsolv) sent successfully to inetsolv
04/03/04 21:45:08 INFO  James.Mailet: RemoteDelivery: Attempting delivery of Mail1078416848796-54-to-inetsolv to host inetsolv to addresses [solv2@inetsolv]
04/03/04 21:45:09 INFO  James.Mailet: RemoteDelivery: Mail (Mail1078416848796-54-to-inetsolv) sent successfully to inetsolv
04/03/04 21:46:09 INFO  James.Mailet: RemoteDelivery: Attempting delivery of Mail1078416788671-53-to-inetsolv to host inetsolv to addresses [solv2@inetsolv]
04/03/04 21:46:09 INFO  James.Mailet: RemoteDelivery: Mail (Mail1078416788671-53-to-inetsolv) sent successfully to inetsolv
04/03/04 21:47:09 INFO  James.Mailet: RemoteDelivery: Attempting delivery of Mail1078416908921-55-to-inetsolv to host inetsolv to addresses [solv2@inetsolv]
04/03/04 21:47:09 INFO  James.Mailet: RemoteDelivery: Mail (Mail1078416908921-55-to-inetsolv) sent successfully to inetsolv
04/03/04 21:48:09 INFO  James.Mailet: RemoteDelivery: Attempting delivery of Mail1078417029156-57-to-inetsolv to host inetsolv to addresses [solv2@inetsolv]
04/03/04 21:48:09 INFO  James.Mailet: RemoteDelivery: Mail (Mail1078417029156-57-to-inetsolv) sent successfully to inetsolv
04/03/04 21:49:09 INFO  James.Mailet: RemoteDelivery: Attempting delivery of Mail1078416969046-56-to-inetsolv to host inetsolv to addresses [solv2@inetsolv]
04/03/04 21:49:09 INFO  James.Mailet: RemoteDelivery: Mail (Mail1078416969046-56-to-inetsolv) sent successfully to inetsolv
04/03/04 21:50:09 INFO  James.Mailet: RemoteDelivery: Attempting delivery of Mail1078417089281-58-to-inetsolv to host inetsolv to addresses [solv2@inetsolv]
04/03/04 21:50:09 INFO  James.Mailet: RemoteDelivery: Mail (Mail1078417089281-58-to-inetsolv) sent successfully to inetsolv
04/03/04 21:51:09 INFO  James.Mailet: RemoteDelivery: Attempting delivery of Mail1078417149406-59-to-inetsolv to host inetsolv to addresses [solv2@inetsolv]
04/03/04 21:51:09 INFO  James.Mailet: RemoteDelivery: Mail (Mail1078417149406-59-to-inetsolv) sent successfully to inetsolv
04/03/04 21:52:09 INFO  James.Mailet: RemoteDelivery: Attempting delivery of Mail1078417209515-60-to-inetsolv to host inetsolv to addresses [solv2@inetsolv]
04/03/04 21:52:09 INFO  James.Mailet: RemoteDelivery: Mail (Mail1078417209515-60-to-inetsolv) sent successfully to inetsolv
04/03/04 21:53:09 INFO  James.Mailet: RemoteDelivery: Attempting delivery of Mail1078417269625-61-to-inetsolv to host inetsolv to addresses [solv2@inetsolv]
04/03/04 21:53:09 INFO  James.Mailet: RemoteDelivery: Mail (Mail1078417269625-61-to-inetsolv) sent successfully to inetsolv
04/03/04 21:54:09 INFO  James.Mailet: RemoteDelivery: Attempting delivery of Mail1078417329734-62-to-inetsolv to host inetsolv to addresses [solv2@inetsolv]
04/03/04 21:54:10 INFO  James.Mailet: RemoteDelivery: Mail (Mail1078417329734-62-to-inetsolv) sent successfully to inetsolv
04/03/04 21:55:10 INFO  James.Mailet: RemoteDelivery: Attempting delivery of Mail1078417389859-63-to-inetsolv to host inetsolv to addresses [solv2@inetsolv]
04/03/04 21:55:10 INFO  James.Mailet: RemoteDelivery: Mail (Mail1078417389859-63-to-inetsolv) sent successfully to inetsolv
04/03/04 21:56:10 INFO  James.Mailet: RemoteDelivery: Attempting delivery of Mail1078395796265-1-to-inetsolv to host inetsolv to addresses [stud2@inetsolv]
04/03/04 21:56:10 INFO  James.Mailet: RemoteDelivery: Mail (Mail1078395796265-1-to-inetsolv) sent successfully to inetsolv
04/03/04 21:57:10 INFO  James.Mailet: RemoteDelivery: Attempting delivery of Mail1078417510109-65-to-inetsolv to host inetsolv to addresses [solv2@inetsolv]
04/03/04 21:57:10 INFO  James.Mailet: RemoteDelivery: Mail (Mail1078417510109-65-to-inetsolv) sent successfully to inetsolv
04/03/04 21:58:10 INFO  James.Mailet: RemoteDelivery: Attempting delivery of Mail1078417570250-66-to-inetsolv to host inetsolv to addresses [stud2@inetsolv]
04/03/04 21:58:10 INFO  James.Mailet: RemoteDelivery: Mail (Mail1078417570250-66-to-inetsolv) sent successfully to inetsolv
04/03/04 21:59:10 INFO  James.Mailet: RemoteDelivery: Attempting delivery of Mail1078417690500-68-to-inetsolv to host inetsolv to addresses [stud2@inetsolv]
04/03/04 21:59:10 INFO  James.Mailet: RemoteDelivery: Mail (Mail1078417690500-68-to-inetsolv) sent successfully to inetsolv
04/03/04 22:00:10 INFO  James.Mailet: RemoteDelivery: Attempting delivery of Mail1078417449968-64-to-inetsolv to host inetsolv to addresses [solv2@inetsolv]
04/03/04 22:00:10 INFO  James.Mailet: RemoteDelivery: Mail (Mail1078417449968-64-to-inetsolv) sent successfully to inetsolv
04/03/04 22:01:10 INFO  James.Mailet: RemoteDelivery: Attempting delivery of Mail1078417750609-69-to-inetsolv to host inetsolv to addresses [stud2@inetsolv]
04/03/04 22:01:10 INFO  James.Mailet: RemoteDelivery: Mail (Mail1078417750609-69-to-inetsolv) sent successfully to inetsolv
04/03/04 22:02:10 INFO  James.Mailet: RemoteDelivery: Attempting delivery of Mail1078417810734-70-to-inetsolv to host inetsolv to addresses [solv2@inetsolv]
04/03/04 22:02:11 INFO  James.Mailet: RemoteDelivery: Mail (Mail1078417810734-70-to-inetsolv) sent successfully to inetsolv
04/03/04 22:03:11 INFO  James.Mailet: RemoteDelivery: Attempting delivery of Mail1078417870843-71-to-inetsolv to host inetsolv to addresses [stud2@inetsolv]
04/03/04 22:03:11 INFO  James.Mailet: RemoteDelivery: Mail (Mail1078417870843-71-to-inetsolv) sent successfully to inetsolv
04/03/04 22:04:11 INFO  James.Mailet: RemoteDelivery: Attempting delivery of Mail1078417991078-73-to-inetsolv to host inetsolv to addresses [stud2@inetsolv]
04/03/04 22:04:11 INFO  James.Mailet: RemoteDelivery: Mail (Mail1078417991078-73-to-inetsolv) sent successfully to inetsolv
04/03/04 22:05:11 INFO  James.Mailet: RemoteDelivery: Attempting delivery of Mail1078418051203-74-to-inetsolv to host inetsolv to addresses [stud2@inetsolv]
04/03/04 22:05:11 INFO  James.Mailet: RemoteDelivery: Mail (Mail1078418051203-74-to-inetsolv) sent successfully to inetsolv
04/03/04 22:06:11 INFO  James.Mailet: RemoteDelivery: Attempting delivery of Mail1078418111328-75-to-inetsolv to host inetsolv to addresses [stud2@inetsolv]
04/03/04 22:06:11 INFO  James.Mailet: RemoteDelivery: Mail (Mail1078418111328-75-to-inetsolv) sent successfully to inetsolv
04/03/04 22:07:11 INFO  James.Mailet: RemoteDelivery: Attempting delivery of Mail1078415764500-37-to-inetsolv to host inetsolv to addresses [solv2@inetsolv]
04/03/04 22:07:11 INFO  James.Mailet: RemoteDelivery: Mail (Mail1078415764500-37-to-inetsolv) sent successfully to inetsolv
04/03/04 22:08:11 INFO  James.Mailet: RemoteDelivery: Attempting delivery of Mail1078418171453-76-to-inetsolv to host inetsolv to addresses [stud2@inetsolv]
04/03/04 22:08:11 INFO  James.Mailet: RemoteDelivery: Mail (Mail1078418171453-76-to-inetsolv) sent successfully to inetsolv
04/03/04 22:09:11 INFO  James.Mailet: RemoteDelivery: Attempting delivery of Mail1078418231578-77-to-inetsolv to host inetsolv to addresses [solv2@inetsolv]
04/03/04 22:09:11 INFO  James.Mailet: RemoteDelivery: Mail (Mail1078418231578-77-to-inetsolv) sent successfully to inetsolv
04/03/04 22:10:11 INFO  James.Mailet: RemoteDelivery: Attempting delivery of Mail1078418291718-78-to-inetsolv to host inetsolv to addresses [stud2@inetsolv]
04/03/04 22:10:12 INFO  James.Mailet: RemoteDelivery: Mail (Mail1078418291718-78-to-inetsolv) sent successfully to inetsolv
04/03/04 22:11:12 INFO  James.Mailet: RemoteDelivery: Attempting delivery of Mail1078418351828-79-to-inetsolv to host inetsolv to addresses [solv2@inetsolv]
04/03/04 22:11:12 INFO  James.Mailet: RemoteDelivery: Mail (Mail1078418351828-79-to-inetsolv) sent successfully to inetsolv
04/03/04 22:12:12 INFO  James.Mailet: RemoteDelivery: Attempting delivery of Mail1078418411937-80-to-inetsolv to host inetsolv to addresses [stud2@inetsolv]
04/03/04 22:12:12 INFO  James.Mailet: RemoteDelivery: Mail (Mail1078418411937-80-to-inetsolv) sent successfully to inetsolv
04/03/04 22:13:12 INFO  James.Mailet: RemoteDelivery: Attempting delivery of Mail1078418472062-81-to-inetsolv to host inetsolv to addresses [solv2@inetsolv]
04/03/04 22:13:12 INFO  James.Mailet: RemoteDelivery: Mail (Mail1078418472062-81-to-inetsolv) sent successfully to inetsolv
04/03/04 22:14:12 INFO  James.Mailet: RemoteDelivery: Attempting delivery of Mail1078418592312-83-to-inetsolv to host inetsolv to addresses [solv2@inetsolv]
04/03/04 22:14:12 INFO  James.Mailet: RemoteDelivery: Mail (Mail1078418592312-83-to-inetsolv) sent successfully to inetsolv
04/03/04 22:15:12 INFO  James.Mailet: RemoteDelivery: Attempting delivery of Mail1078418532171-82-to-inetsolv to host inetsolv to addresses [stud2@inetsolv]
04/03/04 22:15:12 INFO  James.Mailet: RemoteDelivery: Mail (Mail1078418532171-82-to-inetsolv) sent successfully to inetsolv
04/03/04 22:16:12 INFO  James.Mailet: RemoteDelivery: Attempting delivery of Mail1078418652437-84-to-inetsolv to host inetsolv to addresses [solv2@inetsolv]
04/03/04 22:16:12 INFO  James.Mailet: RemoteDelivery: Mail (Mail1078418652437-84-to-inetsolv) sent successfully to inetsolv
04/03/04 22:17:12 INFO  James.Mailet: RemoteDelivery: Attempting delivery of Mail1078418712531-85-to-inetsolv to host inetsolv to addresses [stud2@inetsolv]
04/03/04 22:17:12 INFO  James.Mailet: RemoteDelivery: Mail (Mail1078418712531-85-to-inetsolv) sent successfully to inetsolv
04/03/04 22:18:12 INFO  James.Mailet: RemoteDelivery: Attempting delivery of Mail1078418772671-86-to-inetsolv to host inetsolv to addresses [solv2@inetsolv]
04/03/04 22:18:13 INFO  James.Mailet: RemoteDelivery: Mail (Mail1078418772671-86-to-inetsolv) sent successfully to inetsolv
04/03/04 22:19:13 INFO  James.Mailet: RemoteDelivery: Attempting delivery of Mail1078418832781-87-to-inetsolv to host inetsolv to addresses [stud2@inetsolv]
04/03/04 22:19:13 INFO  James.Mailet: RemoteDelivery: Mail (Mail1078418832781-87-to-inetsolv) sent successfully to inetsolv
04/03/04 22:20:13 INFO  James.Mailet: RemoteDelivery: Attempting delivery of Mail1078418892890-88-to-inetsolv to host inetsolv to addresses [solv2@inetsolv]
04/03/04 22:20:13 INFO  James.Mailet: RemoteDelivery: Mail (Mail1078418892890-88-to-inetsolv) sent successfully to inetsolv
04/03/04 22:21:13 INFO  James.Mailet: RemoteDelivery: Attempting delivery of Mail1078418953015-89-to-inetsolv to host inetsolv to addresses [stud2@inetsolv]
04/03/04 22:21:13 INFO  James.Mailet: RemoteDelivery: Mail (Mail1078418953015-89-to-inetsolv) sent successfully to inetsolv
04/03/04 22:22:13 INFO  James.Mailet: RemoteDelivery: Attempting delivery of Mail1078419013125-90-to-inetsolv to host inetsolv to addresses [solv2@inetsolv]
04/03/04 22:22:13 INFO  James.Mailet: RemoteDelivery: Mail (Mail1078419013125-90-to-inetsolv) sent successfully to inetsolv
04/03/04 22:23:13 INFO  James.Mailet: RemoteDelivery: Attempting delivery of Mail1078419133359-92-to-inetsolv to host inetsolv to addresses [solv2@inetsolv]
04/03/04 22:23:13 INFO  James.Mailet: RemoteDelivery: Mail (Mail1078419133359-92-to-inetsolv) sent successfully to inetsolv
04/03/04 22:24:13 INFO  James.Mailet: RemoteDelivery: Attempting delivery of Mail1078419073250-91-to-inetsolv to host inetsolv to addresses [stud2@inetsolv]
04/03/04 22:24:13 INFO  James.Mailet: RemoteDelivery: Mail (Mail1078419073250-91-to-inetsolv) sent successfully to inetsolv
04/03/04 22:25:13 INFO  James.Mailet: RemoteDelivery: Attempting delivery of Mail1078419253578-94-to-inetsolv to host inetsolv to addresses [stud2@inetsolv]
04/03/04 22:25:13 INFO  James.Mailet: RemoteDelivery: Mail (Mail1078419253578-94-to-inetsolv) sent successfully to inetsolv
04/03/04 22:26:13 INFO  James.Mailet: RemoteDelivery: Attempting delivery of Mail1078419313718-95-to-inetsolv to host inetsolv to addresses [stud2@inetsolv]
04/03/04 22:26:13 INFO  James.Mailet: RemoteDelivery: Mail (Mail1078419313718-95-to-inetsolv) sent successfully to inetsolv
04/03/04 22:27:13 INFO  James.Mailet: RemoteDelivery: Attempting delivery of Mail1078419193468-93-to-inetsolv to host inetsolv to addresses [solv2@inetsolv]
04/03/04 22:27:14 INFO  James.Mailet: RemoteDelivery: Mail (Mail1078419193468-93-to-inetsolv) sent successfully to inetsolv
04/03/04 22:28:14 INFO  James.Mailet: RemoteDelivery: Attempting delivery of Mail1078419373828-96-to-inetsolv to host inetsolv to addresses [stud2@inetsolv]
04/03/04 22:28:14 INFO  James.Mailet: RemoteDelivery: Mail (Mail1078419373828-96-to-inetsolv) sent successfully to inetsolv
04/03/04 22:29:14 INFO  James.Mailet: RemoteDelivery: Attempting delivery of Mail1078419494031-98-to-inetsolv to host inetsolv to addresses [stud2@inetsolv]
04/03/04 22:29:14 INFO  James.Mailet: RemoteDelivery: Mail (Mail1078419494031-98-to-inetsolv) sent successfully to inetsolv
04/03/04 22:30:14 INFO  James.Mailet: RemoteDelivery: Attempting delivery of Mail1078419433921-97-to-inetsolv to host inetsolv to addresses [solv2@inetsolv]
04/03/04 22:30:14 INFO  James.Mailet: RemoteDelivery: Mail (Mail1078419433921-97-to-inetsolv) sent successfully to inetsolv
04/03/04 22:31:14 INFO  James.Mailet: RemoteDelivery: Attempting delivery of Mail1078416305578-46-to-inetsolv to host inetsolv to addresses [solv2@inetsolv]
04/03/04 22:31:14 INFO  James.Mailet: RemoteDelivery: Mail (Mail1078416305578-46-to-inetsolv) sent successfully to inetsolv
04/03/04 22:32:14 INFO  James.Mailet: RemoteDelivery: Attempting delivery of Mail1078419674328-101-to-inetsolv to host inetsolv to addresses [solv2@inetsolv]
04/03/04 22:32:14 INFO  James.Mailet: RemoteDelivery: Mail (Mail1078419674328-101-to-inetsolv) sent successfully to inetsolv
04/03/04 22:33:14 INFO  James.Mailet: RemoteDelivery: Attempting delivery of Mail1078417630390-67-to-inetsolv to host inetsolv to addresses [solv2@inetsolv]
04/03/04 22:33:14 INFO  James.Mailet: RemoteDelivery: Mail (Mail1078417630390-67-to-inetsolv) sent successfully to inetsolv
04/03/04 22:34:14 INFO  James.Mailet: RemoteDelivery: Attempting delivery of Mail1078419734453-102-to-inetsolv to host inetsolv to addresses [solv2@inetsolv]
04/03/04 22:34:14 INFO  James.Mailet: RemoteDelivery: Mail (Mail1078419734453-102-to-inetsolv) sent successfully to inetsolv
04/03/04 22:35:14 INFO  James.Mailet: RemoteDelivery: Attempting delivery of Mail1078419854718-104-to-inetsolv to host inetsolv to addresses [solv2@inetsolv]
04/03/04 22:35:14 INFO  James.Mailet: RemoteDelivery: Mail (Mail1078419854718-104-to-inetsolv) sent successfully to inetsolv
04/03/04 22:36:14 INFO  James.Mailet: RemoteDelivery: Attempting delivery of Mail1078419794593-103-to-inetsolv to host inetsolv to addresses [solv2@inetsolv]
04/03/04 22:36:15 INFO  James.Mailet: RemoteDelivery: Mail (Mail1078419794593-103-to-inetsolv) sent successfully to inetsolv
04/03/04 22:37:15 INFO  James.Mailet: RemoteDelivery: Attempting delivery of Mail1078419914843-105-to-inetsolv to host inetsolv to addresses [solv2@inetsolv]
04/03/04 22:37:15 INFO  James.Mailet: RemoteDelivery: Mail (Mail1078419914843-105-to-inetsolv) sent successfully to inetsolv
04/03/04 22:38:15 INFO  James.Mailet: RemoteDelivery: Attempting delivery of Mail1078419974968-106-to-inetsolv to host inetsolv to addresses [solv2@inetsolv]
04/03/04 22:38:15 INFO  James.Mailet: RemoteDelivery: Mail (Mail1078419974968-106-to-inetsolv) sent successfully to inetsolv
04/03/04 22:39:15 INFO  James.Mailet: RemoteDelivery: Attempting delivery of Mail1078420035046-107-to-inetsolv to host inetsolv to addresses [solv2@inetsolv]
04/03/04 22:39:15 INFO  James.Mailet: RemoteDelivery: Mail (Mail1078420035046-107-to-inetsolv) sent successfully to inetsolv
04/03/04 22:40:15 INFO  James.Mailet: RemoteDelivery: Attempting delivery of Mail1078420095156-108-to-inetsolv to host inetsolv to addresses [solv2@inetsolv]
04/03/04 22:40:15 INFO  James.Mailet: RemoteDelivery: Mail (Mail1078420095156-108-to-inetsolv) sent successfully to inetsolv
04/03/04 22:41:15 INFO  James.Mailet: RemoteDelivery: Attempting delivery of Mail1078419554125-99-to-inetsolv to host inetsolv to addresses [stud2@inetsolv]
04/03/04 22:41:15 INFO  James.Mailet: RemoteDelivery: Mail (Mail1078419554125-99-to-inetsolv) sent successfully to inetsolv
04/03/04 22:42:15 INFO  James.Mailet: RemoteDelivery: Attempting delivery of Mail1078420155265-109-to-inetsolv to host inetsolv to addresses [solv2@inetsolv]
04/03/04 22:42:15 INFO  James.Mailet: RemoteDelivery: Mail (Mail1078420155265-109-to-inetsolv) sent successfully to inetsolv
04/03/04 22:43:15 INFO  James.Mailet: RemoteDelivery: Attempting delivery of Mail1078420215375-110-to-inetsolv to host inetsolv to addresses [solv2@inetsolv]
04/03/04 22:43:15 INFO  James.Mailet: RemoteDelivery: Mail (Mail1078420215375-110-to-inetsolv) sent successfully to inetsolv
04/03/04 22:44:15 INFO  James.Mailet: RemoteDelivery: Attempting delivery of Mail1078420335625-112-to-inetsolv to host inetsolv to addresses [solv2@inetsolv]
04/03/04 22:44:15 INFO  James.Mailet: RemoteDelivery: Mail (Mail1078420335625-112-to-inetsolv) sent successfully to inetsolv
04/03/04 22:45:15 INFO  James.Mailet: RemoteDelivery: Attempting delivery of Mail1078420395734-113-to-inetsolv to host inetsolv to addresses [solv2@inetsolv]
04/03/04 22:45:16 INFO  James.Mailet: RemoteDelivery: Mail (Mail1078420395734-113-to-inetsolv) sent successfully to inetsolv
04/03/04 22:46:16 INFO  James.Mailet: RemoteDelivery: Attempting delivery of Mail1078420455843-114-to-inetsolv to host inetsolv to addresses [solv2@inetsolv]
04/03/04 22:46:16 INFO  James.Mailet: RemoteDelivery: Mail (Mail1078420455843-114-to-inetsolv) sent successfully to inetsolv
04/03/04 22:47:16 INFO  James.Mailet: RemoteDelivery: Attempting delivery of Mail1078420516062-115-to-inetsolv to host inetsolv to addresses [solv2@inetsolv]
04/03/04 22:47:16 INFO  James.Mailet: RemoteDelivery: Mail (Mail1078420516062-115-to-inetsolv) sent successfully to inetsolv
04/03/04 22:48:16 INFO  James.Mailet: RemoteDelivery: Attempting delivery of Mail1078420576203-116-to-inetsolv to host inetsolv to addresses [solv2@inetsolv]
04/03/04 22:48:16 INFO  James.Mailet: RemoteDelivery: Mail (Mail1078420576203-116-to-inetsolv) sent successfully to inetsolv
04/03/04 22:49:16 INFO  James.Mailet: RemoteDelivery: Attempting delivery of Mail1078420636328-117-to-inetsolv to host inetsolv to addresses [solv2@inetsolv]
04/03/04 22:49:16 INFO  James.Mailet: RemoteDelivery: Mail (Mail1078420636328-117-to-inetsolv) sent successfully to inetsolv
04/03/04 22:50:16 INFO  James.Mailet: RemoteDelivery: Attempting delivery of Mail1078420696421-118-to-inetsolv to host inetsolv to addresses [solv2@inetsolv]
04/03/04 22:50:16 INFO  James.Mailet: RemoteDelivery: Mail (Mail1078420696421-118-to-inetsolv) sent successfully to inetsolv
04/03/04 22:51:16 INFO  James.Mailet: RemoteDelivery: Attempting delivery of Mail1078420756531-119-to-inetsolv to host inetsolv to addresses [solv2@inetsolv]
04/03/04 22:51:16 INFO  James.Mailet: RemoteDelivery: Mail (Mail1078420756531-119-to-inetsolv) sent successfully to inetsolv
04/03/04 22:52:16 INFO  James.Mailet: RemoteDelivery: Attempting delivery of Mail1078420816656-120-to-inetsolv to host inetsolv to addresses [solv2@inetsolv]
04/03/04 22:52:16 INFO  James.Mailet: RemoteDelivery: Mail (Mail1078420816656-120-to-inetsolv) sent successfully to inetsolv
04/03/04 22:53:17 INFO  James.Mailet: RemoteDelivery: Attempting delivery of Mail1078420936875-122-to-inetsolv to host inetsolv to addresses [solv2@inetsolv]
04/03/04 22:53:17 INFO  James.Mailet: RemoteDelivery: Mail (Mail1078420936875-122-to-inetsolv) sent successfully to inetsolv
04/03/04 22:54:17 INFO  James.Mailet: RemoteDelivery: Attempting delivery of Mail1078420997015-123-to-inetsolv to host inetsolv to addresses [solv2@inetsolv]
04/03/04 22:54:17 INFO  James.Mailet: RemoteDelivery: Mail (Mail1078420997015-123-to-inetsolv) sent successfully to inetsolv
04/03/04 22:55:17 INFO  James.Mailet: RemoteDelivery: Attempting delivery of Mail1078421057125-124-to-inetsolv to host inetsolv to addresses [solv2@inetsolv]
04/03/04 22:55:17 INFO  James.Mailet: RemoteDelivery: Mail (Mail1078421057125-124-to-inetsolv) sent successfully to inetsolv
04/03/04 22:56:17 INFO  James.Mailet: RemoteDelivery: Attempting delivery of Mail1078421117250-125-to-inetsolv to host inetsolv to addresses [solv2@inetsolv]
04/03/04 22:56:17 INFO  James.Mailet: RemoteDelivery: Mail (Mail1078421117250-125-to-inetsolv) sent successfully to inetsolv
04/03/04 22:57:17 INFO  James.Mailet: RemoteDelivery: Attempting delivery of Mail1078421177390-126-to-inetsolv to host inetsolv to addresses [solv2@inetsolv]
04/03/04 22:57:17 INFO  James.Mailet: RemoteDelivery: Mail (Mail1078421177390-126-to-inetsolv) sent successfully to inetsolv
04/03/04 22:58:17 INFO  James.Mailet: RemoteDelivery: Attempting delivery of Mail1078420275500-111-to-inetsolv to host inetsolv to addresses [stud2@inetsolv]
04/03/04 22:58:17 INFO  James.Mailet: RemoteDelivery: Mail (Mail1078420275500-111-to-inetsolv) sent successfully to inetsolv
04/03/04 22:59:17 INFO  James.Mailet: RemoteDelivery: Attempting delivery of Mail1078421237500-127-to-inetsolv to host inetsolv to addresses [solv2@inetsolv]
04/03/04 22:59:17 INFO  James.Mailet: RemoteDelivery: Mail (Mail1078421237500-127-to-inetsolv) sent successfully to inetsolv
04/03/04 23:00:17 INFO  James.Mailet: RemoteDelivery: Attempting delivery of Mail1078421297625-128-to-inetsolv to host inetsolv to addresses [stud2@inetsolv]
04/03/04 23:00:17 INFO  James.Mailet: RemoteDelivery: Mail (Mail1078421297625-128-to-inetsolv) sent successfully to inetsolv
04/03/04 23:01:17 INFO  James.Mailet: RemoteDelivery: Attempting delivery of Mail1078421357750-129-to-inetsolv to host inetsolv to addresses [solv2@inetsolv]
04/03/04 23:01:18 INFO  James.Mailet: RemoteDelivery: Mail (Mail1078421357750-129-to-inetsolv) sent successfully to inetsolv
04/03/04 23:02:18 INFO  James.Mailet: RemoteDelivery: Attempting delivery of Mail1078421477921-131-to-inetsolv to host inetsolv to addresses [solv2@inetsolv]
04/03/04 23:02:18 INFO  James.Mailet: RemoteDelivery: Mail (Mail1078421477921-131-to-inetsolv) sent successfully to inetsolv
04/03/04 23:03:18 INFO  James.Mailet: RemoteDelivery: Attempting delivery of Mail1078421417828-130-to-inetsolv to host inetsolv to addresses [stud2@inetsolv]
04/03/04 23:03:18 INFO  James.Mailet: RemoteDelivery: Mail (Mail1078421417828-130-to-inetsolv) sent successfully to inetsolv
04/03/04 23:04:18 INFO  James.Mailet: RemoteDelivery: Attempting delivery of Mail1078421538031-132-to-inetsolv to host inetsolv to addresses [solv2@inetsolv]
04/03/04 23:04:18 INFO  James.Mailet: RemoteDelivery: Mail (Mail1078421538031-132-to-inetsolv) sent successfully to inetsolv
04/03/04 23:05:18 INFO  James.Mailet: RemoteDelivery: Attempting delivery of Mail1078421598156-133-to-inetsolv to host inetsolv to addresses [stud2@inetsolv]
04/03/04 23:05:18 INFO  James.Mailet: RemoteDelivery: Mail (Mail1078421598156-133-to-inetsolv) sent successfully to inetsolv
04/03/04 23:06:18 INFO  James.Mailet: RemoteDelivery: Attempting delivery of Mail1078421658250-134-to-inetsolv to host inetsolv to addresses [solv2@inetsolv]
04/03/04 23:06:18 INFO  James.Mailet: RemoteDelivery: Mail (Mail1078421658250-134-to-inetsolv) sent successfully to inetsolv
04/03/04 23:07:18 INFO  James.Mailet: RemoteDelivery: Attempting delivery of Mail1078421718343-135-to-inetsolv to host inetsolv to addresses [stud2@inetsolv]
04/03/04 23:07:18 INFO  James.Mailet: RemoteDelivery: Mail (Mail1078421718343-135-to-inetsolv) sent successfully to inetsolv
04/03/04 23:08:18 INFO  James.Mailet: RemoteDelivery: Attempting delivery of Mail1078421778484-136-to-inetsolv to host inetsolv to addresses [solv2@inetsolv]
04/03/04 23:08:18 INFO  James.Mailet: RemoteDelivery: Mail (Mail1078421778484-136-to-inetsolv) sent successfully to inetsolv
04/03/04 23:09:18 INFO  James.Mailet: RemoteDelivery: Attempting delivery of Mail1078421838562-137-to-inetsolv to host inetsolv to addresses [stud2@inetsolv]
04/03/04 23:09:18 INFO  James.Mailet: RemoteDelivery: Mail (Mail1078421838562-137-to-inetsolv) sent successfully to inetsolv
04/03/04 23:10:18 INFO  James.Mailet: RemoteDelivery: Attempting delivery of Mail1078421898687-138-to-inetsolv to host inetsolv to addresses [solv2@inetsolv]
04/03/04 23:10:19 INFO  James.Mailet: RemoteDelivery: Mail (Mail1078421898687-138-to-inetsolv) sent successfully to inetsolv
04/03/04 23:11:19 INFO  James.Mailet: RemoteDelivery: Attempting delivery of Mail1078421958796-139-to-inetsolv to host inetsolv to addresses [stud2@inetsolv]
04/03/04 23:11:19 INFO  James.Mailet: RemoteDelivery: Mail (Mail1078421958796-139-to-inetsolv) sent successfully to inetsolv
04/03/04 23:12:19 INFO  James.Mailet: RemoteDelivery: Attempting delivery of Mail1078422079015-141-to-inetsolv to host inetsolv to addresses [stud2@inetsolv]
04/03/04 23:12:19 INFO  James.Mailet: RemoteDelivery: Mail (Mail1078422079015-141-to-inetsolv) sent successfully to inetsolv
