06/03/04 00:52:34 INFO  objectstorage: Registering Repository org.apache.james.mailrepository.filepair.File_Persistent_Object_Repository
06/03/04 00:52:34 INFO  objectstorage:    for file,OBJECT,SYNCHRONOUS
06/03/04 00:52:34 INFO  objectstorage:    for file,OBJECT,ASYNCHRONOUS
06/03/04 00:52:34 INFO  objectstorage:    for file,OBJECT,CACHE
06/03/04 00:52:34 INFO  objectstorage: Registering Repository org.apache.james.mailrepository.filepair.File_Persistent_Stream_Repository
06/03/04 00:52:34 INFO  objectstorage:    for file,STREAM,SYNCHRONOUS
06/03/04 00:52:34 INFO  objectstorage:    for file,STREAM,ASYNCHRONOUS
06/03/04 00:52:34 INFO  objectstorage:    for file,STREAM,CACHE
06/03/04 00:52:34 INFO  objectstorage.repository: Init org.apache.james.mailrepository.filepair.File_Persistent_Stream_Repository Store
06/03/04 00:52:34 INFO  objectstorage.repository: org.apache.james.mailrepository.filepair.File_Persistent_Stream_Repository opened in F:\james-2.1.3\apps\james\var\mail\spool
06/03/04 00:52:34 INFO  objectstorage: New instance of org.apache.james.mailrepository.filepair.File_Persistent_Stream_Repository created for file://var/mail/spool/
06/03/04 00:52:34 INFO  objectstorage.repository: Init org.apache.james.mailrepository.filepair.File_Persistent_Object_Repository Store
06/03/04 00:52:34 INFO  objectstorage.repository: org.apache.james.mailrepository.filepair.File_Persistent_Object_Repository opened in F:\james-2.1.3\apps\james\var\mail\spool
06/03/04 00:52:34 INFO  objectstorage: New instance of org.apache.james.mailrepository.filepair.File_Persistent_Object_Repository created for file://var/mail/spool/
06/03/04 00:52:34 INFO  objectstorage.repository: Init org.apache.james.mailrepository.filepair.File_Persistent_Object_Repository Store
06/03/04 00:52:34 INFO  objectstorage.repository: org.apache.james.mailrepository.filepair.File_Persistent_Object_Repository opened in F:\james-2.1.3\apps\james\var\users
06/03/04 00:52:34 INFO  objectstorage: New instance of org.apache.james.mailrepository.filepair.File_Persistent_Object_Repository created for file://var/users//
06/03/04 00:52:35 INFO  objectstorage.repository: Init org.apache.james.mailrepository.filepair.File_Persistent_Stream_Repository Store
06/03/04 00:52:35 INFO  objectstorage.repository: org.apache.james.mailrepository.filepair.File_Persistent_Stream_Repository opened in F:\james-2.1.3\apps\james\var\mail\inboxes
06/03/04 00:52:35 INFO  objectstorage: New instance of org.apache.james.mailrepository.filepair.File_Persistent_Stream_Repository created for file://var/mail/inboxes/
06/03/04 00:52:35 INFO  objectstorage.repository: Init org.apache.james.mailrepository.filepair.File_Persistent_Object_Repository Store
06/03/04 00:52:35 INFO  objectstorage.repository: org.apache.james.mailrepository.filepair.File_Persistent_Object_Repository opened in F:\james-2.1.3\apps\james\var\mail\inboxes
06/03/04 00:52:35 INFO  objectstorage: New instance of org.apache.james.mailrepository.filepair.File_Persistent_Object_Repository created for file://var/mail/inboxes/
06/03/04 00:52:35 INFO  objectstorage.repository: Init org.apache.james.mailrepository.filepair.File_Persistent_Stream_Repository Store
06/03/04 00:52:35 INFO  objectstorage.repository: org.apache.james.mailrepository.filepair.File_Persistent_Stream_Repository opened in F:\james-2.1.3\apps\james\var\mail\error
06/03/04 00:52:35 INFO  objectstorage: New instance of org.apache.james.mailrepository.filepair.File_Persistent_Stream_Repository created for file://var/mail/error/
06/03/04 00:52:35 INFO  objectstorage.repository: Init org.apache.james.mailrepository.filepair.File_Persistent_Object_Repository Store
06/03/04 00:52:35 INFO  objectstorage.repository: org.apache.james.mailrepository.filepair.File_Persistent_Object_Repository opened in F:\james-2.1.3\apps\james\var\mail\error
06/03/04 00:52:35 INFO  objectstorage: New instance of org.apache.james.mailrepository.filepair.File_Persistent_Object_Repository created for file://var/mail/error/
06/03/04 00:52:35 INFO  objectstorage.repository: Init org.apache.james.mailrepository.filepair.File_Persistent_Stream_Repository Store
06/03/04 00:52:35 INFO  objectstorage.repository: org.apache.james.mailrepository.filepair.File_Persistent_Stream_Repository opened in F:\james-2.1.3\apps\james\var\mail\outgoing
06/03/04 00:52:35 INFO  objectstorage: New instance of org.apache.james.mailrepository.filepair.File_Persistent_Stream_Repository created for file://var/mail/outgoing/
06/03/04 00:52:35 INFO  objectstorage.repository: Init org.apache.james.mailrepository.filepair.File_Persistent_Object_Repository Store
06/03/04 00:52:35 INFO  objectstorage.repository: org.apache.james.mailrepository.filepair.File_Persistent_Object_Repository opened in F:\james-2.1.3\apps\james\var\mail\outgoing
06/03/04 00:52:35 INFO  objectstorage: New instance of org.apache.james.mailrepository.filepair.File_Persistent_Object_Repository created for file://var/mail/outgoing/
06/03/04 00:52:35 INFO  objectstorage.repository: Init org.apache.james.mailrepository.filepair.File_Persistent_Stream_Repository Store
06/03/04 00:52:35 INFO  objectstorage.repository: org.apache.james.mailrepository.filepair.File_Persistent_Stream_Repository opened in F:\james-2.1.3\apps\james\var\mail\spam
06/03/04 00:52:35 INFO  objectstorage: New instance of org.apache.james.mailrepository.filepair.File_Persistent_Stream_Repository created for file://var/mail/spam/
06/03/04 00:52:35 INFO  objectstorage.repository: Init org.apache.james.mailrepository.filepair.File_Persistent_Object_Repository Store
06/03/04 00:52:35 INFO  objectstorage.repository: org.apache.james.mailrepository.filepair.File_Persistent_Object_Repository opened in F:\james-2.1.3\apps\james\var\mail\spam
06/03/04 00:52:35 INFO  objectstorage: New instance of org.apache.james.mailrepository.filepair.File_Persistent_Object_Repository created for file://var/mail/spam/
06/03/04 00:53:02 INFO  objectstorage.repository: Init org.apache.james.mailrepository.filepair.File_Persistent_Stream_Repository Store
06/03/04 00:53:02 INFO  objectstorage.repository: org.apache.james.mailrepository.filepair.File_Persistent_Stream_Repository opened in F:\james-2.1.3\apps\james\var\mail\inboxes\success1
06/03/04 00:53:02 INFO  objectstorage: New instance of org.apache.james.mailrepository.filepair.File_Persistent_Stream_Repository created for file://var/mail/inboxes/success1/
06/03/04 00:53:02 INFO  objectstorage.repository: Init org.apache.james.mailrepository.filepair.File_Persistent_Object_Repository Store
06/03/04 00:53:02 INFO  objectstorage.repository: org.apache.james.mailrepository.filepair.File_Persistent_Object_Repository opened in F:\james-2.1.3\apps\james\var\mail\inboxes\success1
06/03/04 00:53:02 INFO  objectstorage: New instance of org.apache.james.mailrepository.filepair.File_Persistent_Object_Repository created for file://var/mail/inboxes/success1/
06/03/04 00:53:42 INFO  objectstorage.repository: Init org.apache.james.mailrepository.filepair.File_Persistent_Stream_Repository Store
06/03/04 00:53:42 INFO  objectstorage.repository: org.apache.james.mailrepository.filepair.File_Persistent_Stream_Repository opened in F:\james-2.1.3\apps\james\var\mail\inboxes\success2
06/03/04 00:53:42 INFO  objectstorage: New instance of org.apache.james.mailrepository.filepair.File_Persistent_Stream_Repository created for file://var/mail/inboxes/success2/
06/03/04 00:53:42 INFO  objectstorage.repository: Init org.apache.james.mailrepository.filepair.File_Persistent_Object_Repository Store
06/03/04 00:53:42 INFO  objectstorage.repository: org.apache.james.mailrepository.filepair.File_Persistent_Object_Repository opened in F:\james-2.1.3\apps\james\var\mail\inboxes\success2
06/03/04 00:53:42 INFO  objectstorage: New instance of org.apache.james.mailrepository.filepair.File_Persistent_Object_Repository created for file://var/mail/inboxes/success2/
