11/06/03 12:50:23 INFO  objectstorage: Registering Repository org.apache.james.mailrepository.filepair.File_Persistent_Object_Repository
11/06/03 12:50:23 INFO  objectstorage:    for file,OBJECT,SYNCHRONOUS
11/06/03 12:50:23 INFO  objectstorage:    for file,OBJECT,ASYNCHRONOUS
11/06/03 12:50:23 INFO  objectstorage:    for file,OBJECT,CACHE
11/06/03 12:50:23 INFO  objectstorage: Registering Repository org.apache.james.mailrepository.filepair.File_Persistent_Stream_Repository
11/06/03 12:50:23 INFO  objectstorage:    for file,STREAM,SYNCHRONOUS
11/06/03 12:50:23 INFO  objectstorage:    for file,STREAM,ASYNCHRONOUS
11/06/03 12:50:23 INFO  objectstorage:    for file,STREAM,CACHE
11/06/03 12:50:23 INFO  objectstorage.repository: Init org.apache.james.mailrepository.filepair.File_Persistent_Stream_Repository Store
11/06/03 12:50:23 INFO  objectstorage.repository: org.apache.james.mailrepository.filepair.File_Persistent_Stream_Repository opened in F:\backup\WebForm\requiredsoftwares\james-2.1.3\apps\james\var\mail\spool
11/06/03 12:50:23 INFO  objectstorage: New instance of org.apache.james.mailrepository.filepair.File_Persistent_Stream_Repository created for file://var/mail/spool/
11/06/03 12:50:23 INFO  objectstorage.repository: Init org.apache.james.mailrepository.filepair.File_Persistent_Object_Repository Store
11/06/03 12:50:23 INFO  objectstorage.repository: org.apache.james.mailrepository.filepair.File_Persistent_Object_Repository opened in F:\backup\WebForm\requiredsoftwares\james-2.1.3\apps\james\var\mail\spool
11/06/03 12:50:23 INFO  objectstorage: New instance of org.apache.james.mailrepository.filepair.File_Persistent_Object_Repository created for file://var/mail/spool/
11/06/03 12:50:23 INFO  objectstorage.repository: Init org.apache.james.mailrepository.filepair.File_Persistent_Object_Repository Store
11/06/03 12:50:23 INFO  objectstorage.repository: org.apache.james.mailrepository.filepair.File_Persistent_Object_Repository opened in F:\backup\WebForm\requiredsoftwares\james-2.1.3\apps\james\var\users
11/06/03 12:50:23 INFO  objectstorage: New instance of org.apache.james.mailrepository.filepair.File_Persistent_Object_Repository created for file://var/users//
11/06/03 12:50:24 INFO  objectstorage.repository: Init org.apache.james.mailrepository.filepair.File_Persistent_Stream_Repository Store
11/06/03 12:50:24 INFO  objectstorage.repository: org.apache.james.mailrepository.filepair.File_Persistent_Stream_Repository opened in F:\backup\WebForm\requiredsoftwares\james-2.1.3\apps\james\var\mail\inboxes
11/06/03 12:50:24 INFO  objectstorage: New instance of org.apache.james.mailrepository.filepair.File_Persistent_Stream_Repository created for file://var/mail/inboxes/
11/06/03 12:50:24 INFO  objectstorage.repository: Init org.apache.james.mailrepository.filepair.File_Persistent_Object_Repository Store
11/06/03 12:50:24 INFO  objectstorage.repository: org.apache.james.mailrepository.filepair.File_Persistent_Object_Repository opened in F:\backup\WebForm\requiredsoftwares\james-2.1.3\apps\james\var\mail\inboxes
11/06/03 12:50:24 INFO  objectstorage: New instance of org.apache.james.mailrepository.filepair.File_Persistent_Object_Repository created for file://var/mail/inboxes/
11/06/03 12:50:24 INFO  objectstorage.repository: Init org.apache.james.mailrepository.filepair.File_Persistent_Stream_Repository Store
11/06/03 12:50:24 INFO  objectstorage.repository: org.apache.james.mailrepository.filepair.File_Persistent_Stream_Repository opened in F:\backup\WebForm\requiredsoftwares\james-2.1.3\apps\james\var\mail\error
11/06/03 12:50:24 INFO  objectstorage: New instance of org.apache.james.mailrepository.filepair.File_Persistent_Stream_Repository created for file://var/mail/error/
11/06/03 12:50:24 INFO  objectstorage.repository: Init org.apache.james.mailrepository.filepair.File_Persistent_Object_Repository Store
11/06/03 12:50:24 INFO  objectstorage.repository: org.apache.james.mailrepository.filepair.File_Persistent_Object_Repository opened in F:\backup\WebForm\requiredsoftwares\james-2.1.3\apps\james\var\mail\error
11/06/03 12:50:24 INFO  objectstorage: New instance of org.apache.james.mailrepository.filepair.File_Persistent_Object_Repository created for file://var/mail/error/
11/06/03 12:50:24 INFO  objectstorage.repository: Init org.apache.james.mailrepository.filepair.File_Persistent_Stream_Repository Store
11/06/03 12:50:24 INFO  objectstorage.repository: org.apache.james.mailrepository.filepair.File_Persistent_Stream_Repository opened in F:\backup\WebForm\requiredsoftwares\james-2.1.3\apps\james\var\mail\outgoing
11/06/03 12:50:24 INFO  objectstorage: New instance of org.apache.james.mailrepository.filepair.File_Persistent_Stream_Repository created for file://var/mail/outgoing/
11/06/03 12:50:24 INFO  objectstorage.repository: Init org.apache.james.mailrepository.filepair.File_Persistent_Object_Repository Store
11/06/03 12:50:24 INFO  objectstorage.repository: org.apache.james.mailrepository.filepair.File_Persistent_Object_Repository opened in F:\backup\WebForm\requiredsoftwares\james-2.1.3\apps\james\var\mail\outgoing
11/06/03 12:50:24 INFO  objectstorage: New instance of org.apache.james.mailrepository.filepair.File_Persistent_Object_Repository created for file://var/mail/outgoing/
11/06/03 12:50:24 INFO  objectstorage.repository: Init org.apache.james.mailrepository.filepair.File_Persistent_Stream_Repository Store
11/06/03 12:50:24 INFO  objectstorage.repository: org.apache.james.mailrepository.filepair.File_Persistent_Stream_Repository opened in F:\backup\WebForm\requiredsoftwares\james-2.1.3\apps\james\var\mail\spam
11/06/03 12:50:24 INFO  objectstorage: New instance of org.apache.james.mailrepository.filepair.File_Persistent_Stream_Repository created for file://var/mail/spam/
11/06/03 12:50:24 INFO  objectstorage.repository: Init org.apache.james.mailrepository.filepair.File_Persistent_Object_Repository Store
11/06/03 12:50:24 INFO  objectstorage.repository: org.apache.james.mailrepository.filepair.File_Persistent_Object_Repository opened in F:\backup\WebForm\requiredsoftwares\james-2.1.3\apps\james\var\mail\spam
11/06/03 12:50:24 INFO  objectstorage: New instance of org.apache.james.mailrepository.filepair.File_Persistent_Object_Repository created for file://var/mail/spam/
11/06/03 12:50:32 INFO  objectstorage.repository: Init org.apache.james.mailrepository.filepair.File_Persistent_Stream_Repository Store
11/06/03 12:50:32 INFO  objectstorage.repository: org.apache.james.mailrepository.filepair.File_Persistent_Stream_Repository opened in F:\backup\WebForm\requiredsoftwares\james-2.1.3\apps\james\var\mail\inboxes\lakshman
11/06/03 12:50:32 INFO  objectstorage: New instance of org.apache.james.mailrepository.filepair.File_Persistent_Stream_Repository created for file://var/mail/inboxes/lakshman/
11/06/03 12:50:32 INFO  objectstorage.repository: Init org.apache.james.mailrepository.filepair.File_Persistent_Object_Repository Store
11/06/03 12:50:32 INFO  objectstorage.repository: org.apache.james.mailrepository.filepair.File_Persistent_Object_Repository opened in F:\backup\WebForm\requiredsoftwares\james-2.1.3\apps\james\var\mail\inboxes\lakshman
11/06/03 12:50:32 INFO  objectstorage: New instance of org.apache.james.mailrepository.filepair.File_Persistent_Object_Repository created for file://var/mail/inboxes/lakshman/
