05/03/04 23:14:43 INFO  objectstorage: Registering Repository org.apache.james.mailrepository.filepair.File_Persistent_Object_Repository
05/03/04 23:14:43 INFO  objectstorage:    for file,OBJECT,SYNCHRONOUS
05/03/04 23:14:43 INFO  objectstorage:    for file,OBJECT,ASYNCHRONOUS
05/03/04 23:14:43 INFO  objectstorage:    for file,OBJECT,CACHE
05/03/04 23:14:43 INFO  objectstorage: Registering Repository org.apache.james.mailrepository.filepair.File_Persistent_Stream_Repository
05/03/04 23:14:43 INFO  objectstorage:    for file,STREAM,SYNCHRONOUS
05/03/04 23:14:43 INFO  objectstorage:    for file,STREAM,ASYNCHRONOUS
05/03/04 23:14:43 INFO  objectstorage:    for file,STREAM,CACHE
05/03/04 23:14:43 INFO  objectstorage.repository: Init org.apache.james.mailrepository.filepair.File_Persistent_Stream_Repository Store
05/03/04 23:14:43 INFO  objectstorage.repository: org.apache.james.mailrepository.filepair.File_Persistent_Stream_Repository opened in F:\james-2.1.3\apps\james\var\mail\spool
05/03/04 23:14:43 INFO  objectstorage: New instance of org.apache.james.mailrepository.filepair.File_Persistent_Stream_Repository created for file://var/mail/spool/
05/03/04 23:14:43 INFO  objectstorage.repository: Init org.apache.james.mailrepository.filepair.File_Persistent_Object_Repository Store
05/03/04 23:14:43 INFO  objectstorage.repository: org.apache.james.mailrepository.filepair.File_Persistent_Object_Repository opened in F:\james-2.1.3\apps\james\var\mail\spool
05/03/04 23:14:43 INFO  objectstorage: New instance of org.apache.james.mailrepository.filepair.File_Persistent_Object_Repository created for file://var/mail/spool/
05/03/04 23:14:43 INFO  objectstorage.repository: Init org.apache.james.mailrepository.filepair.File_Persistent_Object_Repository Store
05/03/04 23:14:43 INFO  objectstorage.repository: org.apache.james.mailrepository.filepair.File_Persistent_Object_Repository opened in F:\james-2.1.3\apps\james\var\users
05/03/04 23:14:43 INFO  objectstorage: New instance of org.apache.james.mailrepository.filepair.File_Persistent_Object_Repository created for file://var/users//
05/03/04 23:14:44 INFO  objectstorage.repository: Init org.apache.james.mailrepository.filepair.File_Persistent_Stream_Repository Store
05/03/04 23:14:44 INFO  objectstorage.repository: org.apache.james.mailrepository.filepair.File_Persistent_Stream_Repository opened in F:\james-2.1.3\apps\james\var\mail\inboxes
05/03/04 23:14:44 INFO  objectstorage: New instance of org.apache.james.mailrepository.filepair.File_Persistent_Stream_Repository created for file://var/mail/inboxes/
05/03/04 23:14:44 INFO  objectstorage.repository: Init org.apache.james.mailrepository.filepair.File_Persistent_Object_Repository Store
05/03/04 23:14:44 INFO  objectstorage.repository: org.apache.james.mailrepository.filepair.File_Persistent_Object_Repository opened in F:\james-2.1.3\apps\james\var\mail\inboxes
05/03/04 23:14:44 INFO  objectstorage: New instance of org.apache.james.mailrepository.filepair.File_Persistent_Object_Repository created for file://var/mail/inboxes/
05/03/04 23:14:44 INFO  objectstorage.repository: Init org.apache.james.mailrepository.filepair.File_Persistent_Stream_Repository Store
05/03/04 23:14:44 INFO  objectstorage.repository: org.apache.james.mailrepository.filepair.File_Persistent_Stream_Repository opened in F:\james-2.1.3\apps\james\var\mail\error
05/03/04 23:14:44 INFO  objectstorage: New instance of org.apache.james.mailrepository.filepair.File_Persistent_Stream_Repository created for file://var/mail/error/
05/03/04 23:14:44 INFO  objectstorage.repository: Init org.apache.james.mailrepository.filepair.File_Persistent_Object_Repository Store
05/03/04 23:14:44 INFO  objectstorage.repository: org.apache.james.mailrepository.filepair.File_Persistent_Object_Repository opened in F:\james-2.1.3\apps\james\var\mail\error
05/03/04 23:14:44 INFO  objectstorage: New instance of org.apache.james.mailrepository.filepair.File_Persistent_Object_Repository created for file://var/mail/error/
05/03/04 23:14:44 INFO  objectstorage.repository: Init org.apache.james.mailrepository.filepair.File_Persistent_Stream_Repository Store
05/03/04 23:14:44 INFO  objectstorage.repository: org.apache.james.mailrepository.filepair.File_Persistent_Stream_Repository opened in F:\james-2.1.3\apps\james\var\mail\outgoing
05/03/04 23:14:44 INFO  objectstorage: New instance of org.apache.james.mailrepository.filepair.File_Persistent_Stream_Repository created for file://var/mail/outgoing/
05/03/04 23:14:44 INFO  objectstorage.repository: Init org.apache.james.mailrepository.filepair.File_Persistent_Object_Repository Store
05/03/04 23:14:44 INFO  objectstorage.repository: org.apache.james.mailrepository.filepair.File_Persistent_Object_Repository opened in F:\james-2.1.3\apps\james\var\mail\outgoing
05/03/04 23:14:44 INFO  objectstorage: New instance of org.apache.james.mailrepository.filepair.File_Persistent_Object_Repository created for file://var/mail/outgoing/
05/03/04 23:14:44 INFO  objectstorage.repository: Init org.apache.james.mailrepository.filepair.File_Persistent_Stream_Repository Store
05/03/04 23:14:44 INFO  objectstorage.repository: org.apache.james.mailrepository.filepair.File_Persistent_Stream_Repository opened in F:\james-2.1.3\apps\james\var\mail\spam
05/03/04 23:14:44 INFO  objectstorage: New instance of org.apache.james.mailrepository.filepair.File_Persistent_Stream_Repository created for file://var/mail/spam/
05/03/04 23:14:44 INFO  objectstorage.repository: Init org.apache.james.mailrepository.filepair.File_Persistent_Object_Repository Store
05/03/04 23:14:44 INFO  objectstorage.repository: org.apache.james.mailrepository.filepair.File_Persistent_Object_Repository opened in F:\james-2.1.3\apps\james\var\mail\spam
05/03/04 23:14:44 INFO  objectstorage: New instance of org.apache.james.mailrepository.filepair.File_Persistent_Object_Repository created for file://var/mail/spam/
05/03/04 23:15:25 INFO  objectstorage.repository: Init org.apache.james.mailrepository.filepair.File_Persistent_Stream_Repository Store
05/03/04 23:15:25 INFO  objectstorage.repository: org.apache.james.mailrepository.filepair.File_Persistent_Stream_Repository opened in F:\james-2.1.3\apps\james\var\mail\inboxes\success2
05/03/04 23:15:25 INFO  objectstorage: New instance of org.apache.james.mailrepository.filepair.File_Persistent_Stream_Repository created for file://var/mail/inboxes/success2/
05/03/04 23:15:25 INFO  objectstorage.repository: Init org.apache.james.mailrepository.filepair.File_Persistent_Object_Repository Store
05/03/04 23:15:25 INFO  objectstorage.repository: org.apache.james.mailrepository.filepair.File_Persistent_Object_Repository opened in F:\james-2.1.3\apps\james\var\mail\inboxes\success2
05/03/04 23:15:25 INFO  objectstorage: New instance of org.apache.james.mailrepository.filepair.File_Persistent_Object_Repository created for file://var/mail/inboxes/success2/
05/03/04 23:16:01 INFO  objectstorage.repository: Init org.apache.james.mailrepository.filepair.File_Persistent_Stream_Repository Store
05/03/04 23:16:01 INFO  objectstorage.repository: org.apache.james.mailrepository.filepair.File_Persistent_Stream_Repository opened in F:\james-2.1.3\apps\james\var\mail\inboxes\success1
05/03/04 23:16:01 INFO  objectstorage: New instance of org.apache.james.mailrepository.filepair.File_Persistent_Stream_Repository created for file://var/mail/inboxes/success1/
05/03/04 23:16:01 INFO  objectstorage.repository: Init org.apache.james.mailrepository.filepair.File_Persistent_Object_Repository Store
05/03/04 23:16:01 INFO  objectstorage.repository: org.apache.james.mailrepository.filepair.File_Persistent_Object_Repository opened in F:\james-2.1.3\apps\james\var\mail\inboxes\success1
05/03/04 23:16:01 INFO  objectstorage: New instance of org.apache.james.mailrepository.filepair.File_Persistent_Object_Repository created for file://var/mail/inboxes/success1/
