04/03/04 17:27:55 INFO  objectstorage: Registering Repository org.apache.james.mailrepository.filepair.File_Persistent_Object_Repository
04/03/04 17:27:55 INFO  objectstorage:    for file,OBJECT,SYNCHRONOUS
04/03/04 17:27:55 INFO  objectstorage:    for file,OBJECT,ASYNCHRONOUS
04/03/04 17:27:55 INFO  objectstorage:    for file,OBJECT,CACHE
04/03/04 17:27:55 INFO  objectstorage: Registering Repository org.apache.james.mailrepository.filepair.File_Persistent_Stream_Repository
04/03/04 17:27:55 INFO  objectstorage:    for file,STREAM,SYNCHRONOUS
04/03/04 17:27:55 INFO  objectstorage:    for file,STREAM,ASYNCHRONOUS
04/03/04 17:27:55 INFO  objectstorage:    for file,STREAM,CACHE
04/03/04 17:27:56 INFO  objectstorage.repository: Init org.apache.james.mailrepository.filepair.File_Persistent_Stream_Repository Store
04/03/04 17:27:56 INFO  objectstorage.repository: org.apache.james.mailrepository.filepair.File_Persistent_Stream_Repository opened in F:\james-2.1.3\apps\james\var\mail\spool
04/03/04 17:27:56 INFO  objectstorage: New instance of org.apache.james.mailrepository.filepair.File_Persistent_Stream_Repository created for file://var/mail/spool/
04/03/04 17:27:56 INFO  objectstorage.repository: Init org.apache.james.mailrepository.filepair.File_Persistent_Object_Repository Store
04/03/04 17:27:56 INFO  objectstorage.repository: org.apache.james.mailrepository.filepair.File_Persistent_Object_Repository opened in F:\james-2.1.3\apps\james\var\mail\spool
04/03/04 17:27:56 INFO  objectstorage: New instance of org.apache.james.mailrepository.filepair.File_Persistent_Object_Repository created for file://var/mail/spool/
04/03/04 17:27:56 INFO  objectstorage.repository: Init org.apache.james.mailrepository.filepair.File_Persistent_Object_Repository Store
04/03/04 17:27:56 INFO  objectstorage.repository: org.apache.james.mailrepository.filepair.File_Persistent_Object_Repository opened in F:\james-2.1.3\apps\james\var\users
04/03/04 17:27:56 INFO  objectstorage: New instance of org.apache.james.mailrepository.filepair.File_Persistent_Object_Repository created for file://var/users//
04/03/04 17:27:56 INFO  objectstorage.repository: Init org.apache.james.mailrepository.filepair.File_Persistent_Stream_Repository Store
04/03/04 17:27:56 INFO  objectstorage.repository: org.apache.james.mailrepository.filepair.File_Persistent_Stream_Repository opened in F:\james-2.1.3\apps\james\var\mail\inboxes
04/03/04 17:27:56 INFO  objectstorage: New instance of org.apache.james.mailrepository.filepair.File_Persistent_Stream_Repository created for file://var/mail/inboxes/
04/03/04 17:27:56 INFO  objectstorage.repository: Init org.apache.james.mailrepository.filepair.File_Persistent_Object_Repository Store
04/03/04 17:27:56 INFO  objectstorage.repository: org.apache.james.mailrepository.filepair.File_Persistent_Object_Repository opened in F:\james-2.1.3\apps\james\var\mail\inboxes
04/03/04 17:27:56 INFO  objectstorage: New instance of org.apache.james.mailrepository.filepair.File_Persistent_Object_Repository created for file://var/mail/inboxes/
04/03/04 17:27:56 INFO  objectstorage.repository: Init org.apache.james.mailrepository.filepair.File_Persistent_Stream_Repository Store
04/03/04 17:27:56 INFO  objectstorage.repository: org.apache.james.mailrepository.filepair.File_Persistent_Stream_Repository opened in F:\james-2.1.3\apps\james\var\mail\error
04/03/04 17:27:56 INFO  objectstorage: New instance of org.apache.james.mailrepository.filepair.File_Persistent_Stream_Repository created for file://var/mail/error/
04/03/04 17:27:56 INFO  objectstorage.repository: Init org.apache.james.mailrepository.filepair.File_Persistent_Object_Repository Store
04/03/04 17:27:56 INFO  objectstorage.repository: org.apache.james.mailrepository.filepair.File_Persistent_Object_Repository opened in F:\james-2.1.3\apps\james\var\mail\error
04/03/04 17:27:56 INFO  objectstorage: New instance of org.apache.james.mailrepository.filepair.File_Persistent_Object_Repository created for file://var/mail/error/
04/03/04 17:27:56 INFO  objectstorage.repository: Init org.apache.james.mailrepository.filepair.File_Persistent_Stream_Repository Store
04/03/04 17:27:56 INFO  objectstorage.repository: org.apache.james.mailrepository.filepair.File_Persistent_Stream_Repository opened in F:\james-2.1.3\apps\james\var\mail\outgoing
04/03/04 17:27:56 INFO  objectstorage: New instance of org.apache.james.mailrepository.filepair.File_Persistent_Stream_Repository created for file://var/mail/outgoing/
04/03/04 17:27:56 INFO  objectstorage.repository: Init org.apache.james.mailrepository.filepair.File_Persistent_Object_Repository Store
04/03/04 17:27:56 INFO  objectstorage.repository: org.apache.james.mailrepository.filepair.File_Persistent_Object_Repository opened in F:\james-2.1.3\apps\james\var\mail\outgoing
04/03/04 17:27:56 INFO  objectstorage: New instance of org.apache.james.mailrepository.filepair.File_Persistent_Object_Repository created for file://var/mail/outgoing/
04/03/04 17:27:56 INFO  objectstorage.repository: Init org.apache.james.mailrepository.filepair.File_Persistent_Stream_Repository Store
04/03/04 17:27:56 INFO  objectstorage.repository: org.apache.james.mailrepository.filepair.File_Persistent_Stream_Repository opened in F:\james-2.1.3\apps\james\var\mail\spam
04/03/04 17:27:56 INFO  objectstorage: New instance of org.apache.james.mailrepository.filepair.File_Persistent_Stream_Repository created for file://var/mail/spam/
04/03/04 17:27:56 INFO  objectstorage.repository: Init org.apache.james.mailrepository.filepair.File_Persistent_Object_Repository Store
04/03/04 17:27:56 INFO  objectstorage.repository: org.apache.james.mailrepository.filepair.File_Persistent_Object_Repository opened in F:\james-2.1.3\apps\james\var\mail\spam
04/03/04 17:27:56 INFO  objectstorage: New instance of org.apache.james.mailrepository.filepair.File_Persistent_Object_Repository created for file://var/mail/spam/
04/03/04 17:38:48 INFO  objectstorage.repository: Init org.apache.james.mailrepository.filepair.File_Persistent_Stream_Repository Store
04/03/04 17:38:48 INFO  objectstorage.repository: org.apache.james.mailrepository.filepair.File_Persistent_Stream_Repository opened in F:\james-2.1.3\apps\james\var\mail\inboxes\hema
04/03/04 17:38:48 INFO  objectstorage: New instance of org.apache.james.mailrepository.filepair.File_Persistent_Stream_Repository created for file://var/mail/inboxes/hema/
04/03/04 17:38:48 INFO  objectstorage.repository: Init org.apache.james.mailrepository.filepair.File_Persistent_Object_Repository Store
04/03/04 17:38:48 INFO  objectstorage.repository: org.apache.james.mailrepository.filepair.File_Persistent_Object_Repository opened in F:\james-2.1.3\apps\james\var\mail\inboxes\hema
04/03/04 17:38:48 INFO  objectstorage: New instance of org.apache.james.mailrepository.filepair.File_Persistent_Object_Repository created for file://var/mail/inboxes/hema/
04/03/04 17:39:38 INFO  objectstorage.repository: Init org.apache.james.mailrepository.filepair.File_Persistent_Stream_Repository Store
04/03/04 17:39:38 INFO  objectstorage.repository: org.apache.james.mailrepository.filepair.File_Persistent_Stream_Repository opened in F:\james-2.1.3\apps\james\var\mail\inboxes\sitha
04/03/04 17:39:38 INFO  objectstorage: New instance of org.apache.james.mailrepository.filepair.File_Persistent_Stream_Repository created for file://var/mail/inboxes/sitha/
04/03/04 17:39:38 INFO  objectstorage.repository: Init org.apache.james.mailrepository.filepair.File_Persistent_Object_Repository Store
04/03/04 17:39:38 INFO  objectstorage.repository: org.apache.james.mailrepository.filepair.File_Persistent_Object_Repository opened in F:\james-2.1.3\apps\james\var\mail\inboxes\sitha
04/03/04 17:39:38 INFO  objectstorage: New instance of org.apache.james.mailrepository.filepair.File_Persistent_Object_Repository created for file://var/mail/inboxes/sitha/
