08/02/04 10:49:43 INFO  objectstorage: Registering Repository org.apache.james.mailrepository.filepair.File_Persistent_Object_Repository
08/02/04 10:49:43 INFO  objectstorage:    for file,OBJECT,SYNCHRONOUS
08/02/04 10:49:43 INFO  objectstorage:    for file,OBJECT,ASYNCHRONOUS
08/02/04 10:49:43 INFO  objectstorage:    for file,OBJECT,CACHE
08/02/04 10:49:43 INFO  objectstorage: Registering Repository org.apache.james.mailrepository.filepair.File_Persistent_Stream_Repository
08/02/04 10:49:43 INFO  objectstorage:    for file,STREAM,SYNCHRONOUS
08/02/04 10:49:43 INFO  objectstorage:    for file,STREAM,ASYNCHRONOUS
08/02/04 10:49:43 INFO  objectstorage:    for file,STREAM,CACHE
08/02/04 10:49:43 INFO  objectstorage.repository: Init org.apache.james.mailrepository.filepair.File_Persistent_Stream_Repository Store
08/02/04 10:49:43 INFO  objectstorage.repository: org.apache.james.mailrepository.filepair.File_Persistent_Stream_Repository opened in C:\Program Files\Apache Software Foundation\Tomcat 5.0\webapps\WebForm\requiredsoftwares\james-2.1.3\apps\james\var\mail\spool
08/02/04 10:49:43 INFO  objectstorage: New instance of org.apache.james.mailrepository.filepair.File_Persistent_Stream_Repository created for file://var/mail/spool/
08/02/04 10:49:43 INFO  objectstorage.repository: Init org.apache.james.mailrepository.filepair.File_Persistent_Object_Repository Store
08/02/04 10:49:43 INFO  objectstorage.repository: org.apache.james.mailrepository.filepair.File_Persistent_Object_Repository opened in C:\Program Files\Apache Software Foundation\Tomcat 5.0\webapps\WebForm\requiredsoftwares\james-2.1.3\apps\james\var\mail\spool
08/02/04 10:49:43 INFO  objectstorage: New instance of org.apache.james.mailrepository.filepair.File_Persistent_Object_Repository created for file://var/mail/spool/
08/02/04 10:49:43 INFO  objectstorage.repository: Init org.apache.james.mailrepository.filepair.File_Persistent_Object_Repository Store
08/02/04 10:49:43 INFO  objectstorage.repository: org.apache.james.mailrepository.filepair.File_Persistent_Object_Repository opened in C:\Program Files\Apache Software Foundation\Tomcat 5.0\webapps\WebForm\requiredsoftwares\james-2.1.3\apps\james\var\users
08/02/04 10:49:43 INFO  objectstorage: New instance of org.apache.james.mailrepository.filepair.File_Persistent_Object_Repository created for file://var/users//
08/02/04 10:49:43 INFO  objectstorage.repository: Init org.apache.james.mailrepository.filepair.File_Persistent_Stream_Repository Store
08/02/04 10:49:43 INFO  objectstorage.repository: org.apache.james.mailrepository.filepair.File_Persistent_Stream_Repository opened in C:\Program Files\Apache Software Foundation\Tomcat 5.0\webapps\WebForm\requiredsoftwares\james-2.1.3\apps\james\var\mail\inboxes
08/02/04 10:49:43 INFO  objectstorage: New instance of org.apache.james.mailrepository.filepair.File_Persistent_Stream_Repository created for file://var/mail/inboxes/
08/02/04 10:49:43 INFO  objectstorage.repository: Init org.apache.james.mailrepository.filepair.File_Persistent_Object_Repository Store
08/02/04 10:49:43 INFO  objectstorage.repository: org.apache.james.mailrepository.filepair.File_Persistent_Object_Repository opened in C:\Program Files\Apache Software Foundation\Tomcat 5.0\webapps\WebForm\requiredsoftwares\james-2.1.3\apps\james\var\mail\inboxes
08/02/04 10:49:43 INFO  objectstorage: New instance of org.apache.james.mailrepository.filepair.File_Persistent_Object_Repository created for file://var/mail/inboxes/
08/02/04 10:49:44 INFO  objectstorage.repository: Init org.apache.james.mailrepository.filepair.File_Persistent_Stream_Repository Store
08/02/04 10:49:44 INFO  objectstorage.repository: org.apache.james.mailrepository.filepair.File_Persistent_Stream_Repository opened in C:\Program Files\Apache Software Foundation\Tomcat 5.0\webapps\WebForm\requiredsoftwares\james-2.1.3\apps\james\var\mail\error
08/02/04 10:49:44 INFO  objectstorage: New instance of org.apache.james.mailrepository.filepair.File_Persistent_Stream_Repository created for file://var/mail/error/
08/02/04 10:49:44 INFO  objectstorage.repository: Init org.apache.james.mailrepository.filepair.File_Persistent_Object_Repository Store
08/02/04 10:49:44 INFO  objectstorage.repository: org.apache.james.mailrepository.filepair.File_Persistent_Object_Repository opened in C:\Program Files\Apache Software Foundation\Tomcat 5.0\webapps\WebForm\requiredsoftwares\james-2.1.3\apps\james\var\mail\error
08/02/04 10:49:44 INFO  objectstorage: New instance of org.apache.james.mailrepository.filepair.File_Persistent_Object_Repository created for file://var/mail/error/
08/02/04 10:49:44 INFO  objectstorage.repository: Init org.apache.james.mailrepository.filepair.File_Persistent_Stream_Repository Store
08/02/04 10:49:44 INFO  objectstorage.repository: org.apache.james.mailrepository.filepair.File_Persistent_Stream_Repository opened in C:\Program Files\Apache Software Foundation\Tomcat 5.0\webapps\WebForm\requiredsoftwares\james-2.1.3\apps\james\var\mail\outgoing
08/02/04 10:49:44 INFO  objectstorage: New instance of org.apache.james.mailrepository.filepair.File_Persistent_Stream_Repository created for file://var/mail/outgoing/
08/02/04 10:49:44 INFO  objectstorage.repository: Init org.apache.james.mailrepository.filepair.File_Persistent_Object_Repository Store
08/02/04 10:49:44 INFO  objectstorage.repository: org.apache.james.mailrepository.filepair.File_Persistent_Object_Repository opened in C:\Program Files\Apache Software Foundation\Tomcat 5.0\webapps\WebForm\requiredsoftwares\james-2.1.3\apps\james\var\mail\outgoing
08/02/04 10:49:44 INFO  objectstorage: New instance of org.apache.james.mailrepository.filepair.File_Persistent_Object_Repository created for file://var/mail/outgoing/
08/02/04 10:49:44 INFO  objectstorage.repository: Init org.apache.james.mailrepository.filepair.File_Persistent_Stream_Repository Store
08/02/04 10:49:44 INFO  objectstorage.repository: org.apache.james.mailrepository.filepair.File_Persistent_Stream_Repository opened in C:\Program Files\Apache Software Foundation\Tomcat 5.0\webapps\WebForm\requiredsoftwares\james-2.1.3\apps\james\var\mail\spam
08/02/04 10:49:44 INFO  objectstorage: New instance of org.apache.james.mailrepository.filepair.File_Persistent_Stream_Repository created for file://var/mail/spam/
08/02/04 10:49:44 INFO  objectstorage.repository: Init org.apache.james.mailrepository.filepair.File_Persistent_Object_Repository Store
08/02/04 10:49:44 INFO  objectstorage.repository: org.apache.james.mailrepository.filepair.File_Persistent_Object_Repository opened in C:\Program Files\Apache Software Foundation\Tomcat 5.0\webapps\WebForm\requiredsoftwares\james-2.1.3\apps\james\var\mail\spam
08/02/04 10:49:44 INFO  objectstorage: New instance of org.apache.james.mailrepository.filepair.File_Persistent_Object_Repository created for file://var/mail/spam/
08/02/04 11:03:13 INFO  objectstorage.repository: Init org.apache.james.mailrepository.filepair.File_Persistent_Stream_Repository Store
08/02/04 11:03:13 INFO  objectstorage.repository: org.apache.james.mailrepository.filepair.File_Persistent_Stream_Repository opened in C:\Program Files\Apache Software Foundation\Tomcat 5.0\webapps\WebForm\requiredsoftwares\james-2.1.3\apps\james\var\mail\inboxes\vasu
08/02/04 11:03:13 INFO  objectstorage: New instance of org.apache.james.mailrepository.filepair.File_Persistent_Stream_Repository created for file://var/mail/inboxes/vasu/
08/02/04 11:03:13 INFO  objectstorage.repository: Init org.apache.james.mailrepository.filepair.File_Persistent_Object_Repository Store
08/02/04 11:03:13 INFO  objectstorage.repository: org.apache.james.mailrepository.filepair.File_Persistent_Object_Repository opened in C:\Program Files\Apache Software Foundation\Tomcat 5.0\webapps\WebForm\requiredsoftwares\james-2.1.3\apps\james\var\mail\inboxes\vasu
08/02/04 11:03:13 INFO  objectstorage: New instance of org.apache.james.mailrepository.filepair.File_Persistent_Object_Repository created for file://var/mail/inboxes/vasu/
08/02/04 11:03:13 INFO  objectstorage.repository: Init org.apache.james.mailrepository.filepair.File_Persistent_Stream_Repository Store
08/02/04 11:03:13 INFO  objectstorage.repository: org.apache.james.mailrepository.filepair.File_Persistent_Stream_Repository opened in C:\Program Files\Apache Software Foundation\Tomcat 5.0\webapps\WebForm\requiredsoftwares\james-2.1.3\apps\james\var\mail\inboxes\ravi
08/02/04 11:03:13 INFO  objectstorage: New instance of org.apache.james.mailrepository.filepair.File_Persistent_Stream_Repository created for file://var/mail/inboxes/ravi/
08/02/04 11:03:13 INFO  objectstorage.repository: Init org.apache.james.mailrepository.filepair.File_Persistent_Object_Repository Store
08/02/04 11:03:13 INFO  objectstorage.repository: org.apache.james.mailrepository.filepair.File_Persistent_Object_Repository opened in C:\Program Files\Apache Software Foundation\Tomcat 5.0\webapps\WebForm\requiredsoftwares\james-2.1.3\apps\james\var\mail\inboxes\ravi
08/02/04 11:03:13 INFO  objectstorage: New instance of org.apache.james.mailrepository.filepair.File_Persistent_Object_Repository created for file://var/mail/inboxes/ravi/
