07/03/04 10:15:24 INFO  objectstorage: Registering Repository org.apache.james.mailrepository.filepair.File_Persistent_Object_Repository
07/03/04 10:15:24 INFO  objectstorage:    for file,OBJECT,SYNCHRONOUS
07/03/04 10:15:24 INFO  objectstorage:    for file,OBJECT,ASYNCHRONOUS
07/03/04 10:15:24 INFO  objectstorage:    for file,OBJECT,CACHE
07/03/04 10:15:24 INFO  objectstorage: Registering Repository org.apache.james.mailrepository.filepair.File_Persistent_Stream_Repository
07/03/04 10:15:24 INFO  objectstorage:    for file,STREAM,SYNCHRONOUS
07/03/04 10:15:24 INFO  objectstorage:    for file,STREAM,ASYNCHRONOUS
07/03/04 10:15:24 INFO  objectstorage:    for file,STREAM,CACHE
07/03/04 10:15:25 INFO  objectstorage.repository: Init org.apache.james.mailrepository.filepair.File_Persistent_Stream_Repository Store
07/03/04 10:15:25 INFO  objectstorage.repository: org.apache.james.mailrepository.filepair.File_Persistent_Stream_Repository opened in F:\james-2.1.3\apps\james\var\mail\spool
07/03/04 10:15:25 INFO  objectstorage: New instance of org.apache.james.mailrepository.filepair.File_Persistent_Stream_Repository created for file://var/mail/spool/
07/03/04 10:15:25 INFO  objectstorage.repository: Init org.apache.james.mailrepository.filepair.File_Persistent_Object_Repository Store
07/03/04 10:15:25 INFO  objectstorage.repository: org.apache.james.mailrepository.filepair.File_Persistent_Object_Repository opened in F:\james-2.1.3\apps\james\var\mail\spool
07/03/04 10:15:25 INFO  objectstorage: New instance of org.apache.james.mailrepository.filepair.File_Persistent_Object_Repository created for file://var/mail/spool/
07/03/04 10:15:25 INFO  objectstorage.repository: Init org.apache.james.mailrepository.filepair.File_Persistent_Object_Repository Store
07/03/04 10:15:25 INFO  objectstorage.repository: org.apache.james.mailrepository.filepair.File_Persistent_Object_Repository opened in F:\james-2.1.3\apps\james\var\users
07/03/04 10:15:25 INFO  objectstorage: New instance of org.apache.james.mailrepository.filepair.File_Persistent_Object_Repository created for file://var/users//
07/03/04 10:15:25 INFO  objectstorage.repository: Init org.apache.james.mailrepository.filepair.File_Persistent_Stream_Repository Store
07/03/04 10:15:25 INFO  objectstorage.repository: org.apache.james.mailrepository.filepair.File_Persistent_Stream_Repository opened in F:\james-2.1.3\apps\james\var\mail\inboxes
07/03/04 10:15:25 INFO  objectstorage: New instance of org.apache.james.mailrepository.filepair.File_Persistent_Stream_Repository created for file://var/mail/inboxes/
07/03/04 10:15:25 INFO  objectstorage.repository: Init org.apache.james.mailrepository.filepair.File_Persistent_Object_Repository Store
07/03/04 10:15:25 INFO  objectstorage.repository: org.apache.james.mailrepository.filepair.File_Persistent_Object_Repository opened in F:\james-2.1.3\apps\james\var\mail\inboxes
07/03/04 10:15:25 INFO  objectstorage: New instance of org.apache.james.mailrepository.filepair.File_Persistent_Object_Repository created for file://var/mail/inboxes/
07/03/04 10:15:25 INFO  objectstorage.repository: Init org.apache.james.mailrepository.filepair.File_Persistent_Stream_Repository Store
07/03/04 10:15:25 INFO  objectstorage.repository: org.apache.james.mailrepository.filepair.File_Persistent_Stream_Repository opened in F:\james-2.1.3\apps\james\var\mail\error
07/03/04 10:15:25 INFO  objectstorage: New instance of org.apache.james.mailrepository.filepair.File_Persistent_Stream_Repository created for file://var/mail/error/
07/03/04 10:15:25 INFO  objectstorage.repository: Init org.apache.james.mailrepository.filepair.File_Persistent_Object_Repository Store
07/03/04 10:15:25 INFO  objectstorage.repository: org.apache.james.mailrepository.filepair.File_Persistent_Object_Repository opened in F:\james-2.1.3\apps\james\var\mail\error
07/03/04 10:15:25 INFO  objectstorage: New instance of org.apache.james.mailrepository.filepair.File_Persistent_Object_Repository created for file://var/mail/error/
07/03/04 10:15:25 INFO  objectstorage.repository: Init org.apache.james.mailrepository.filepair.File_Persistent_Stream_Repository Store
07/03/04 10:15:25 INFO  objectstorage.repository: org.apache.james.mailrepository.filepair.File_Persistent_Stream_Repository opened in F:\james-2.1.3\apps\james\var\mail\outgoing
07/03/04 10:15:25 INFO  objectstorage: New instance of org.apache.james.mailrepository.filepair.File_Persistent_Stream_Repository created for file://var/mail/outgoing/
07/03/04 10:15:25 INFO  objectstorage.repository: Init org.apache.james.mailrepository.filepair.File_Persistent_Object_Repository Store
07/03/04 10:15:25 INFO  objectstorage.repository: org.apache.james.mailrepository.filepair.File_Persistent_Object_Repository opened in F:\james-2.1.3\apps\james\var\mail\outgoing
07/03/04 10:15:25 INFO  objectstorage: New instance of org.apache.james.mailrepository.filepair.File_Persistent_Object_Repository created for file://var/mail/outgoing/
07/03/04 10:15:25 INFO  objectstorage.repository: Init org.apache.james.mailrepository.filepair.File_Persistent_Stream_Repository Store
07/03/04 10:15:25 INFO  objectstorage.repository: org.apache.james.mailrepository.filepair.File_Persistent_Stream_Repository opened in F:\james-2.1.3\apps\james\var\mail\spam
07/03/04 10:15:25 INFO  objectstorage: New instance of org.apache.james.mailrepository.filepair.File_Persistent_Stream_Repository created for file://var/mail/spam/
07/03/04 10:15:25 INFO  objectstorage.repository: Init org.apache.james.mailrepository.filepair.File_Persistent_Object_Repository Store
07/03/04 10:15:25 INFO  objectstorage.repository: org.apache.james.mailrepository.filepair.File_Persistent_Object_Repository opened in F:\james-2.1.3\apps\james\var\mail\spam
07/03/04 10:15:25 INFO  objectstorage: New instance of org.apache.james.mailrepository.filepair.File_Persistent_Object_Repository created for file://var/mail/spam/
07/03/04 10:30:40 INFO  objectstorage.repository: Init org.apache.james.mailrepository.filepair.File_Persistent_Stream_Repository Store
07/03/04 10:30:40 INFO  objectstorage.repository: org.apache.james.mailrepository.filepair.File_Persistent_Stream_Repository opened in F:\james-2.1.3\apps\james\var\mail\inboxes\stud2
07/03/04 10:30:40 INFO  objectstorage: New instance of org.apache.james.mailrepository.filepair.File_Persistent_Stream_Repository created for file://var/mail/inboxes/stud2/
07/03/04 10:30:40 INFO  objectstorage.repository: Init org.apache.james.mailrepository.filepair.File_Persistent_Object_Repository Store
07/03/04 10:30:40 INFO  objectstorage.repository: org.apache.james.mailrepository.filepair.File_Persistent_Object_Repository opened in F:\james-2.1.3\apps\james\var\mail\inboxes\stud2
07/03/04 10:30:40 INFO  objectstorage: New instance of org.apache.james.mailrepository.filepair.File_Persistent_Object_Repository created for file://var/mail/inboxes/stud2/
07/03/04 10:31:13 INFO  objectstorage.repository: Init org.apache.james.mailrepository.filepair.File_Persistent_Stream_Repository Store
07/03/04 10:31:13 INFO  objectstorage.repository: org.apache.james.mailrepository.filepair.File_Persistent_Stream_Repository opened in F:\james-2.1.3\apps\james\var\mail\inboxes\stud1
07/03/04 10:31:13 INFO  objectstorage: New instance of org.apache.james.mailrepository.filepair.File_Persistent_Stream_Repository created for file://var/mail/inboxes/stud1/
07/03/04 10:31:13 INFO  objectstorage.repository: Init org.apache.james.mailrepository.filepair.File_Persistent_Object_Repository Store
07/03/04 10:31:13 INFO  objectstorage.repository: org.apache.james.mailrepository.filepair.File_Persistent_Object_Repository opened in F:\james-2.1.3\apps\james\var\mail\inboxes\stud1
07/03/04 10:31:13 INFO  objectstorage: New instance of org.apache.james.mailrepository.filepair.File_Persistent_Object_Repository created for file://var/mail/inboxes/stud1/
07/03/04 11:22:59 INFO  objectstorage.repository: Init org.apache.james.mailrepository.filepair.File_Persistent_Stream_Repository Store
07/03/04 11:22:59 INFO  objectstorage.repository: org.apache.james.mailrepository.filepair.File_Persistent_Stream_Repository opened in F:\james-2.1.3\apps\james\var\mail\inboxes\success2
07/03/04 11:22:59 INFO  objectstorage: New instance of org.apache.james.mailrepository.filepair.File_Persistent_Stream_Repository created for file://var/mail/inboxes/success2/
07/03/04 11:22:59 INFO  objectstorage.repository: Init org.apache.james.mailrepository.filepair.File_Persistent_Object_Repository Store
07/03/04 11:22:59 INFO  objectstorage.repository: org.apache.james.mailrepository.filepair.File_Persistent_Object_Repository opened in F:\james-2.1.3\apps\james\var\mail\inboxes\success2
07/03/04 11:22:59 INFO  objectstorage: New instance of org.apache.james.mailrepository.filepair.File_Persistent_Object_Repository created for file://var/mail/inboxes/success2/
