05/02/05 23:42:05 INFO  spoolmanager: JamesSpoolManager init...
05/02/05 23:42:05 INFO  spoolmanager: Matcher RelayLimit=30 instantiated.
05/02/05 23:42:05 INFO  spoolmanager: Mailet Null instantiated.
05/02/05 23:42:05 INFO  spoolmanager: Matcher InSpammerBlacklist=query.bondedsender.org instantiated.
05/02/05 23:42:05 INFO  spoolmanager: Mailet ToProcessor instantiated.
05/02/05 23:42:05 INFO  spoolmanager: Matcher InSpammerBlacklist=dnsbl.njabl.org instantiated.
05/02/05 23:42:05 INFO  spoolmanager: Mailet ToProcessor instantiated.
05/02/05 23:42:05 INFO  spoolmanager: Matcher InSpammerBlacklist=relays.ordb.org instantiated.
05/02/05 23:42:05 INFO  spoolmanager: Mailet ToProcessor instantiated.
05/02/05 23:42:05 INFO  spoolmanager: Matcher All instantiated.
05/02/05 23:42:05 INFO  spoolmanager: Mailet ToProcessor instantiated.
05/02/05 23:42:05 INFO  spoolmanager: Processor root instantiated.
05/02/05 23:42:05 INFO  spoolmanager: Matcher All instantiated.
05/02/05 23:42:05 INFO  spoolmanager: Mailet ToRepository instantiated.
05/02/05 23:42:05 INFO  spoolmanager: Processor error instantiated.
05/02/05 23:42:05 INFO  spoolmanager: Matcher RecipientIsLocal instantiated.
05/02/05 23:42:05 INFO  spoolmanager: Mailet LocalDelivery instantiated.
05/02/05 23:42:05 INFO  spoolmanager: Matcher HostIsLocal instantiated.
05/02/05 23:42:05 INFO  spoolmanager: Mailet ToProcessor instantiated.
05/02/05 23:42:05 INFO  spoolmanager: Matcher RemoteAddrNotInNetwork=127.0.0.1 instantiated.
05/02/05 23:42:05 INFO  spoolmanager: Mailet ToProcessor instantiated.
05/02/05 23:42:05 INFO  spoolmanager: Matcher All instantiated.
05/02/05 23:42:05 INFO  spoolmanager: Mailet RemoteDelivery instantiated.
05/02/05 23:42:05 INFO  spoolmanager: Processor transport instantiated.
05/02/05 23:42:05 INFO  spoolmanager: Matcher All instantiated.
05/02/05 23:42:05 INFO  spoolmanager: Mailet ToRepository instantiated.
05/02/05 23:42:05 INFO  spoolmanager: Processor spam instantiated.
05/02/05 23:42:05 INFO  spoolmanager: Spooler Manager uses 10 Thread(s)
05/02/05 23:42:05 INFO  spoolmanager: Run JamesSpoolManager: default Worker #1
05/02/05 23:42:05 INFO  spoolmanager: Spool=org.apache.james.mailrepository.AvalonSpoolRepository
05/02/05 23:42:05 INFO  spoolmanager: Run JamesSpoolManager: default Worker #2
05/02/05 23:42:05 INFO  spoolmanager: Spool=org.apache.james.mailrepository.AvalonSpoolRepository
05/02/05 23:42:05 INFO  spoolmanager: Run JamesSpoolManager: default Worker #3
05/02/05 23:42:05 INFO  spoolmanager: Spool=org.apache.james.mailrepository.AvalonSpoolRepository
05/02/05 23:42:05 INFO  spoolmanager: Run JamesSpoolManager: default Worker #4
05/02/05 23:42:05 INFO  spoolmanager: Spool=org.apache.james.mailrepository.AvalonSpoolRepository
05/02/05 23:42:05 INFO  spoolmanager: Run JamesSpoolManager: default Worker #5
05/02/05 23:42:05 INFO  spoolmanager: Spool=org.apache.james.mailrepository.AvalonSpoolRepository
05/02/05 23:42:05 INFO  spoolmanager: Run JamesSpoolManager: default Worker #6
05/02/05 23:42:05 INFO  spoolmanager: Spool=org.apache.james.mailrepository.AvalonSpoolRepository
05/02/05 23:42:05 INFO  spoolmanager: Run JamesSpoolManager: default Worker #7
05/02/05 23:42:05 INFO  spoolmanager: Spool=org.apache.james.mailrepository.AvalonSpoolRepository
05/02/05 23:42:05 INFO  spoolmanager: Run JamesSpoolManager: default Worker #8
05/02/05 23:42:05 INFO  spoolmanager: Spool=org.apache.james.mailrepository.AvalonSpoolRepository
05/02/05 23:42:05 INFO  spoolmanager: Run JamesSpoolManager: default Worker #9
05/02/05 23:42:05 INFO  spoolmanager: Spool=org.apache.james.mailrepository.AvalonSpoolRepository
05/02/05 23:42:05 INFO  spoolmanager: Run JamesSpoolManager: default Worker #10
05/02/05 23:42:05 INFO  spoolmanager: Spool=org.apache.james.mailrepository.AvalonSpoolRepository
