04/03/04 20:49:54 INFO  spoolmanager: JamesSpoolManager init...
04/03/04 20:49:54 INFO  spoolmanager: Matcher RelayLimit=30 instantiated.
04/03/04 20:49:54 INFO  spoolmanager: Mailet Null instantiated.
04/03/04 20:49:54 INFO  spoolmanager: Matcher InSpammerBlacklist=query.bondedsender.org instantiated.
04/03/04 20:49:54 INFO  spoolmanager: Mailet ToProcessor instantiated.
04/03/04 20:49:54 INFO  spoolmanager: Matcher InSpammerBlacklist=dnsbl.njabl.org instantiated.
04/03/04 20:49:54 INFO  spoolmanager: Mailet ToProcessor instantiated.
04/03/04 20:49:54 INFO  spoolmanager: Matcher InSpammerBlacklist=relays.ordb.org instantiated.
04/03/04 20:49:54 INFO  spoolmanager: Mailet ToProcessor instantiated.
04/03/04 20:49:54 INFO  spoolmanager: Matcher All instantiated.
04/03/04 20:49:54 INFO  spoolmanager: Mailet ToProcessor instantiated.
04/03/04 20:49:54 INFO  spoolmanager: Processor root instantiated.
04/03/04 20:49:54 INFO  spoolmanager: Matcher All instantiated.
04/03/04 20:49:54 INFO  spoolmanager: Mailet ToRepository instantiated.
04/03/04 20:49:54 INFO  spoolmanager: Processor error instantiated.
04/03/04 20:49:54 INFO  spoolmanager: Matcher RecipientIsLocal instantiated.
04/03/04 20:49:54 INFO  spoolmanager: Mailet LocalDelivery instantiated.
04/03/04 20:49:54 INFO  spoolmanager: Matcher HostIsLocal instantiated.
04/03/04 20:49:54 INFO  spoolmanager: Mailet ToProcessor instantiated.
04/03/04 20:49:54 INFO  spoolmanager: Matcher RemoteAddrNotInNetwork=127.0.0.1 instantiated.
04/03/04 20:49:54 INFO  spoolmanager: Mailet ToProcessor instantiated.
04/03/04 20:49:54 INFO  spoolmanager: Matcher All instantiated.
04/03/04 20:49:54 INFO  spoolmanager: Mailet RemoteDelivery instantiated.
04/03/04 20:49:54 INFO  spoolmanager: Processor transport instantiated.
04/03/04 20:49:54 INFO  spoolmanager: Matcher All instantiated.
04/03/04 20:49:54 INFO  spoolmanager: Mailet ToRepository instantiated.
04/03/04 20:49:54 INFO  spoolmanager: Processor spam instantiated.
04/03/04 20:49:54 INFO  spoolmanager: Spooler Manager uses 10 Thread(s)
04/03/04 20:49:54 INFO  spoolmanager: Run JamesSpoolManager: default Worker #1
04/03/04 20:49:54 INFO  spoolmanager: Spool=org.apache.james.mailrepository.AvalonSpoolRepository
04/03/04 20:49:54 INFO  spoolmanager: Run JamesSpoolManager: default Worker #2
04/03/04 20:49:54 INFO  spoolmanager: Spool=org.apache.james.mailrepository.AvalonSpoolRepository
04/03/04 20:49:54 INFO  spoolmanager: Run JamesSpoolManager: default Worker #3
04/03/04 20:49:54 INFO  spoolmanager: Spool=org.apache.james.mailrepository.AvalonSpoolRepository
04/03/04 20:49:54 INFO  spoolmanager: Run JamesSpoolManager: default Worker #4
04/03/04 20:49:54 INFO  spoolmanager: Spool=org.apache.james.mailrepository.AvalonSpoolRepository
04/03/04 20:49:54 INFO  spoolmanager: Run JamesSpoolManager: default Worker #5
04/03/04 20:49:54 INFO  spoolmanager: Spool=org.apache.james.mailrepository.AvalonSpoolRepository
04/03/04 20:49:54 INFO  spoolmanager: Run JamesSpoolManager: default Worker #6
04/03/04 20:49:54 INFO  spoolmanager: Spool=org.apache.james.mailrepository.AvalonSpoolRepository
04/03/04 20:49:54 INFO  spoolmanager: Run JamesSpoolManager: default Worker #7
04/03/04 20:49:54 INFO  spoolmanager: Spool=org.apache.james.mailrepository.AvalonSpoolRepository
04/03/04 20:49:54 INFO  spoolmanager: Run JamesSpoolManager: default Worker #8
04/03/04 20:49:54 INFO  spoolmanager: Spool=org.apache.james.mailrepository.AvalonSpoolRepository
04/03/04 20:49:54 INFO  spoolmanager: Run JamesSpoolManager: default Worker #9
04/03/04 20:49:54 INFO  spoolmanager: Spool=org.apache.james.mailrepository.AvalonSpoolRepository
04/03/04 20:49:54 INFO  spoolmanager: Run JamesSpoolManager: default Worker #10
04/03/04 20:49:54 INFO  spoolmanager: Spool=org.apache.james.mailrepository.AvalonSpoolRepository
