08/02/04 04:02:48 INFO  spoolmanager: JamesSpoolManager init...
08/02/04 04:02:48 INFO  spoolmanager: Matcher RelayLimit=30 instantiated.
08/02/04 04:02:48 INFO  spoolmanager: Mailet Null instantiated.
08/02/04 04:02:48 INFO  spoolmanager: Matcher InSpammerBlacklist=query.bondedsender.org instantiated.
08/02/04 04:02:48 INFO  spoolmanager: Mailet ToProcessor instantiated.
08/02/04 04:02:48 INFO  spoolmanager: Matcher InSpammerBlacklist=dnsbl.njabl.org instantiated.
08/02/04 04:02:48 INFO  spoolmanager: Mailet ToProcessor instantiated.
08/02/04 04:02:48 INFO  spoolmanager: Matcher InSpammerBlacklist=relays.ordb.org instantiated.
08/02/04 04:02:48 INFO  spoolmanager: Mailet ToProcessor instantiated.
08/02/04 04:02:48 INFO  spoolmanager: Matcher All instantiated.
08/02/04 04:02:48 INFO  spoolmanager: Mailet ToProcessor instantiated.
08/02/04 04:02:48 INFO  spoolmanager: Processor root instantiated.
08/02/04 04:02:48 INFO  spoolmanager: Matcher All instantiated.
08/02/04 04:02:48 INFO  spoolmanager: Mailet ToRepository instantiated.
08/02/04 04:02:48 INFO  spoolmanager: Processor error instantiated.
08/02/04 04:02:48 INFO  spoolmanager: Matcher RecipientIsLocal instantiated.
08/02/04 04:02:48 INFO  spoolmanager: Mailet LocalDelivery instantiated.
08/02/04 04:02:48 INFO  spoolmanager: Matcher HostIsLocal instantiated.
08/02/04 04:02:48 INFO  spoolmanager: Mailet ToProcessor instantiated.
08/02/04 04:02:48 INFO  spoolmanager: Matcher RemoteAddrNotInNetwork=127.0.0.1 instantiated.
08/02/04 04:02:48 INFO  spoolmanager: Mailet ToProcessor instantiated.
08/02/04 04:02:48 INFO  spoolmanager: Matcher All instantiated.
08/02/04 04:02:48 INFO  spoolmanager: Mailet RemoteDelivery instantiated.
08/02/04 04:02:48 INFO  spoolmanager: Processor transport instantiated.
08/02/04 04:02:48 INFO  spoolmanager: Matcher All instantiated.
08/02/04 04:02:48 INFO  spoolmanager: Mailet ToRepository instantiated.
08/02/04 04:02:48 INFO  spoolmanager: Processor spam instantiated.
08/02/04 04:02:48 INFO  spoolmanager: Spooler Manager uses 10 Thread(s)
08/02/04 04:02:48 INFO  spoolmanager: Run JamesSpoolManager: default Worker #1
08/02/04 04:02:48 INFO  spoolmanager: Spool=org.apache.james.mailrepository.AvalonSpoolRepository
08/02/04 04:02:48 INFO  spoolmanager: Run JamesSpoolManager: default Worker #2
08/02/04 04:02:48 INFO  spoolmanager: Spool=org.apache.james.mailrepository.AvalonSpoolRepository
08/02/04 04:02:48 INFO  spoolmanager: Run JamesSpoolManager: default Worker #3
08/02/04 04:02:48 INFO  spoolmanager: Spool=org.apache.james.mailrepository.AvalonSpoolRepository
08/02/04 04:02:48 INFO  spoolmanager: Run JamesSpoolManager: default Worker #4
08/02/04 04:02:48 INFO  spoolmanager: Spool=org.apache.james.mailrepository.AvalonSpoolRepository
08/02/04 04:02:48 INFO  spoolmanager: Run JamesSpoolManager: default Worker #5
08/02/04 04:02:48 INFO  spoolmanager: Spool=org.apache.james.mailrepository.AvalonSpoolRepository
08/02/04 04:02:48 INFO  spoolmanager: Run JamesSpoolManager: default Worker #6
08/02/04 04:02:48 INFO  spoolmanager: Spool=org.apache.james.mailrepository.AvalonSpoolRepository
08/02/04 04:02:48 INFO  spoolmanager: Run JamesSpoolManager: default Worker #7
08/02/04 04:02:48 INFO  spoolmanager: Spool=org.apache.james.mailrepository.AvalonSpoolRepository
08/02/04 04:02:48 INFO  spoolmanager: Run JamesSpoolManager: default Worker #8
08/02/04 04:02:48 INFO  spoolmanager: Spool=org.apache.james.mailrepository.AvalonSpoolRepository
08/02/04 04:02:48 INFO  spoolmanager: Run JamesSpoolManager: default Worker #9
08/02/04 04:02:48 INFO  spoolmanager: Spool=org.apache.james.mailrepository.AvalonSpoolRepository
08/02/04 04:02:48 INFO  spoolmanager: Run JamesSpoolManager: default Worker #10
08/02/04 04:02:48 INFO  spoolmanager: Spool=org.apache.james.mailrepository.AvalonSpoolRepository
08/02/04 06:16:13 INFO  spoolmanager: JamesSpoolManager dispose...
